3/21/2008 15:04  Started processing at 3/21/2008 15:04
3/21/2008 15:04  Attempting to open Connection
3/21/2008 15:04  fetching com string
3/21/2008 15:04  attempting to fetch source data
3/21/2008 15:04  attempting to open ConfReg destination table
3/21/2008 15:04  attempting to open FlashCont destination table
3/21/2008 15:04  attempting to open errlog destination table
3/21/2008 15:04  Device: blu-49x-btd-4-08
3/21/2008 15:04  Device Name: blu-49x-btd-4-08.ntwk.msn.net
3/21/2008 15:04  Current registry: 0x2102
Next registry: 0x2102
BootImage: flash bootflash:cat4000-i5k91s-mz.122-25.EWA7.bin

Contents of flash:
3/21/2008 15:04  bootflash:cat4000-i9s-mz.122-25.EWA4.bin	12495228	Image	0x93B32579	Deleted
3/21/2008 15:04  bootflash:cat4000-i5k91s-mz.122-25.EWA2.bin	13016716	Image	0xC7ECB8E5	Valid
3/21/2008 15:04  bootflash:cat4000-i5k91s-mz.122-25.EWA7.bin	13053148	Image	0xA1B70B67	Valid
3/21/2008 15:04  cat4000_flash:vlan.dat	976	Unknown	0x0	Valid
3/21/2008 15:04  


3/21/2008 15:04  Device: by2-49x-3-08
3/21/2008 15:04  Device Name: by2-49x-3-08.ntwk.msn.net
3/21/2008 15:04  Current registry: 0x2101
Next registry: 0x2102
BootImage: flash bootflash:cat4000-i5k91s-mz.122-25.EWA7.bin

Contents of flash:
3/21/2008 15:04  bootflash:cat4000-i5k91s-mz.122-25.EWA2.bin	13016716	Image	0xC7ECB8E5	Valid
3/21/2008 15:04  bootflash:cat4000-i5k91s-mz.122-25.EWA7.bin	13053148	Image	0xA1B70B67	Valid
3/21/2008 15:04  cat4000_flash:vlan.dat	1576	Unknown	0x0	Valid
3/21/2008 15:04  


3/21/2008 15:04  Device: by2-49x-3-09
3/21/2008 15:04  Device Name: by2-49x-3-09.ntwk.msn.net
3/21/2008 15:04  Current registry: 0x2102
Next registry: 0x2102
BootImage: flash bootflash:cat4000-i5k91s-mz.122-25.EWA7.bin

Contents of flash:
3/21/2008 15:04  bootflash:cat4000-i5k91s-mz.122-25.EWA2.bin	13016716	Image	0xC7ECB8E5	Valid
3/21/2008 15:04  bootflash:cat4000-i5k91s-mz.122-25.EWA7.bin	13053148	Image	0xA1B70B67	Valid
3/21/2008 15:04  cat4000_flash:vlan.dat	1576	Unknown	0x0	Valid
3/21/2008 15:04  


3/21/2008 15:04  Device: by2-49x-msgr-3
3/21/2008 15:04  Device Name: by2-49x-msgr-3.ntwk.msn.net
3/21/2008 15:04  Current registry: 0x2102
Next registry: 0x2102
BootImage: flash bootflash:cat4000-i5k91s-mz.122-25.EWA7.bin

Contents of flash:
3/21/2008 15:04  bootflash:cat4000-i9s-mz.122-25.EWA6.bin	12531808	Image	0xB123FDC4	Valid
3/21/2008 15:04  bootflash:cat4000-i5k91s-mz.122-25.EWA2.bin	13016716	Image	0xC7ECB8E5	Valid
3/21/2008 15:04  bootflash:cat4000-i5k91s-mz.122-25.EWA7.bin	13053148	Image	0xA1B70B67	Valid
3/21/2008 15:04  cat4000_flash:vlan.dat	1336	Unknown	0x0	Valid
3/21/2008 15:04  


3/21/2008 15:04  Device: by2-49x-msgr-4
3/21/2008 15:04  Device Name: by2-49x-msgr-4.ntwk.msn.net
3/21/2008 15:04  Current registry: 0x2102
Next registry: 0x2102
BootImage: flash bootflash:cat4000-i5k91s-mz.122-25.EWA7.bin

Contents of flash:
3/21/2008 15:04  bootflash:cat4000-i5k91s-mz.122-25.EWA2.bin	13016716	Image	0xC7ECB8E5	Valid
3/21/2008 15:04  bootflash:cat4000-i5k91s-mz.122-25.EWA7.bin	13053148	Image	0xA1B70B67	Valid
3/21/2008 15:04  cat4000_flash:vlan.dat	1336	Unknown	0x0	Valid
3/21/2008 15:04  


3/21/2008 15:04  Device: by2-49x-msgr-5
3/21/2008 15:04  Device Name: by2-49x-msgr-5.ntwk.msn.net
3/21/2008 15:04  Current registry: 0x2102
Next registry: 0x2102
BootImage: flash bootflash:cat4000-i5k91s-mz.122-25.EWA7.bin

Contents of flash:
3/21/2008 15:04  bootflash:cat4000-i5k91s-mz.122-25.EWA2.bin	13016716	Image	0xC7ECB8E5	Valid
3/21/2008 15:04  bootflash:cat4000-i5k91s-mz.122-25.EWA7.bin	13053148	Image	0xA1B70B67	Valid
3/21/2008 15:04  cat4000_flash:vlan.dat	1336	Unknown	0x0	Valid
3/21/2008 15:04  


3/21/2008 15:04  Device: by2-49x-msgr-6
3/21/2008 15:04  Device Name: by2-49x-msgr-6.ntwk.msn.net
3/21/2008 15:04  Current registry: 0x2102
Next registry: 0x2102
BootImage: flash bootflash:cat4000-i5k91s-mz.122-25.EWA7.bin

Contents of flash:
3/21/2008 15:04  bootflash:cat4000-i5k91s-mz.122-25.EWA2.bin	13016716	Image	0xC7ECB8E5	Valid
3/21/2008 15:04  bootflash:cat4000-i5k91s-mz.122-25.EWA7.bin	13053148	Image	0xA1B70B67	Valid
3/21/2008 15:04  cat4000_flash:vlan.dat	1336	Unknown	0x0	Valid
3/21/2008 15:04  


3/21/2008 15:04  Device: by2-49x-msgr-7
3/21/2008 15:04  Device Name: by2-49x-msgr-7.ntwk.msn.net
3/21/2008 15:04  Current registry: 0x2102
Next registry: 0x2102
BootImage: flash bootflash:cat4000-i5k91s-mz.122-25.EWA7.bin

Contents of flash:
3/21/2008 15:04  bootflash:cat4000-i5k91s-mz.122-25.EWA2.bin	13016716	Image	0xC7ECB8E5	Valid
3/21/2008 15:04  bootflash:cat4000-i5k91s-mz.122-25.EWA7.bin	13053148	Image	0xA1B70B67	Valid
3/21/2008 15:04  cat4000_flash:vlan.dat	1336	Unknown	0x0	Valid
3/21/2008 15:04  


3/21/2008 15:04  Device: by2-49x-msgr-8
3/21/2008 15:04  Device Name: by2-49x-msgr-8.ntwk.msn.net
3/21/2008 15:04  Current registry: 0x2102
Next registry: 0x2102
BootImage: flash bootflash:cat4000-i5k91s-mz.122-25.EWA7.bin

Contents of flash:
3/21/2008 15:04  bootflash:cat4000-i5k91s-mz.122-25.EWA2.bin	13016716	Image	0xC7ECB8E5	Valid
3/21/2008 15:04  bootflash:cat4000-i5k91s-mz.122-25.EWA7.bin	13053148	Image	0xA1B70B67	Valid
3/21/2008 15:04  cat4000_flash:vlan.dat	1336	Unknown	0x0	Valid
3/21/2008 15:04  


3/21/2008 15:04  Device: by2-49x-msgr-9
3/21/2008 15:04  Device Name: by2-49x-msgr-9.ntwk.msn.net
3/21/2008 15:04  Current registry: 0x2102
Next registry: 0x2102
BootImage: flash bootflash:cat4000-i5k91s-mz.122-25.EWA7.bin

Contents of flash:
3/21/2008 15:04  bootflash:cat4000-i9s-mz.122-25.EWA6.bin	12531808	Image	0xB123FDC4	Valid
3/21/2008 15:04  bootflash:cat4000-i5k91s-mz.122-25.EWA2.bin	13016716	Image	0xC7ECB8E5	Valid
3/21/2008 15:04  bootflash:cat4000-i5k91s-mz.122-25.EWA7.bin	13053148	Image	0xA1B70B67	Valid
3/21/2008 15:04  cat4000_flash:vlan.dat	1336	Unknown	0x0	Valid
3/21/2008 15:04  


3/21/2008 15:04  Device: by2-49x-str-1-11
3/21/2008 15:05  Device Name: by2-49x-str-1-11.ntwk.msn.net
3/21/2008 15:05  Current registry: 0x2102
Next registry: 0x2102
BootImage: flash bootflash:cat4000-i5k91s-mz.122-25.EWA7.bin

Contents of flash:
3/21/2008 15:05  bootflash:cat4000-i9s-mz.122-25.EWA4.bin	12495228	Image	0x93B32579	Deleted
3/21/2008 15:05  bootflash:cat4000-i5k91s-mz.122-25.EWA2.bin	13016716	Image	0xC7ECB8E5	Deleted
3/21/2008 15:05  bootflash:cat4000-i5k91s-mz.122-25.EWA7.bin	13053148	Image	0xA1B70B67	Valid
3/21/2008 15:05  cat4000_flash:vlan.dat	1456	Unknown	0x0	Valid
3/21/2008 15:05  


3/21/2008 15:05  Device: db2-49x-cps-1-03
3/21/2008 15:05  Device Name: db2-49x-cps-1-03.ntwk.msn.net
3/21/2008 15:05  Current registry: 0x2101
Next registry: 0x2101
BootImage: flash bootflash:cat4000-i5k91s-mz.122-25.EWA7.bin

Contents of flash:
3/21/2008 15:05  bootflash:cat4000-i9s-mz.122-25.EWA12.bin	12403048	Image	0x95DEB7CD	Deleted
3/21/2008 15:05  bootflash:cat4000-i5k91s-mz.122-25.EWA7.bin	13053148	Image	0xA1B70B67	Valid
3/21/2008 15:05  cat4000_flash:vlan.dat	1036	Unknown	0x0	Valid
3/21/2008 15:05  


3/21/2008 15:05  Device: db2-49x-msgr-1-01
3/21/2008 15:05  Device Name: db2-49x-msgr-1-01.ntwk.msn.net
3/21/2008 15:05  Current registry: 0x2102
Next registry: 0x2102
BootImage: flash bootflash:cat4000-i5k91s-mz.122-25.EWA7.bin

Contents of flash:
3/21/2008 15:05  bootflash:cat4000-i5k91s-mz.122-25.EWA2.bin	13016716	Image	0xC7ECB8E5	Valid
3/21/2008 15:05  bootflash:cat4000-i5k91s-mz.122-25.EWA7.bin	13053148	Image	0xA1B70B67	Valid
3/21/2008 15:05  cat4000_flash:vlan.dat	1036	Unknown	0x0	Valid
3/21/2008 15:05  


3/21/2008 15:05  Device: db2-49x-msgr-1-02
3/21/2008 15:05  Device Name: db2-49x-msgr-1-02.ntwk.msn.net
3/21/2008 15:05  Current registry: 0x2102
Next registry: 0x2102
BootImage: flash bootflash:cat4000-i5k91s-mz.122-25.EWA7.bin

Contents of flash:
3/21/2008 15:05  bootflash:cat4000-i5k91s-mz.122-25.EWA2.bin	13016716	Image	0xC7ECB8E5	Valid
3/21/2008 15:05  bootflash:cat4000-i5k91s-mz.122-25.EWA7.bin	13053148	Image	0xA1B70B67	Valid
3/21/2008 15:05  cat4000_flash:vlan.dat	1036	Unknown	0x0	Valid
3/21/2008 15:05  


3/21/2008 15:05  Device: db2-49x-msgr-1-03
3/21/2008 15:05  Device Name: db2-49x-msgr-1-03.ntwk.msn.net
3/21/2008 15:05  Current registry: 0x2102
Next registry: 0x2102
BootImage: flash bootflash:cat4000-i5k91s-mz.122-25.EWA7.bin

Contents of flash:
3/21/2008 15:05  bootflash:cat4000-i5k91s-mz.122-25.EWA2.bin	13016716	Image	0xC7ECB8E5	Valid
3/21/2008 15:05  bootflash:cat4000-i5k91s-mz.122-25.EWA7.bin	13053148	Image	0xA1B70B67	Valid
3/21/2008 15:05  cat4000_flash:vlan.dat	1036	Unknown	0x0	Valid
3/21/2008 15:05  


3/21/2008 15:05  Device: blu-49x-btd-4-01
3/21/2008 15:05  Device Name: blu-49x-btd-4-01.ntwk.msn.net
3/21/2008 15:05  Current registry: 0x2102
Next registry: 0x2102
BootImage: flash bootflash:cat4000-i5k91s-mz.122-25.EWA7.bin

Contents of flash:
3/21/2008 15:05  bootflash:cat4000-i9s-mz.122-25.EWA6.bin	12531808	Image	0xB123FDC4	Deleted
3/21/2008 15:05  bootflash:cat4000-i5k91s-mz.122-25.EWA2.bin	11075584	Unknown	0xB5638C44	Deleted
3/21/2008 15:05  bootflash:cat4000-i5k91s-mz.122-25.EWA2.bin	13016716	Image	0xC7ECB8E5	Valid
3/21/2008 15:05  bootflash:cat4000-i5k91s-mz.122-25.EWA7.bin	13053148	Image	0xA1B70B67	Valid
3/21/2008 15:05  cat4000_flash:vlan.dat	976	Unknown	0x0	Valid
3/21/2008 15:05  


3/21/2008 15:05  Device: bay-49x-msgr-2
3/21/2008 15:05  Device Name: bay-49x-msgr-2.ntwk.msn.net
3/21/2008 15:05  Current registry: 0x2102
Next registry: 0x2102
BootImage: flash bootflash:cat4000-i5k91s-mz.122-25.EWA7.bin

Contents of flash:
3/21/2008 15:05  bootflash:cat4000-i5k91s-mz.122-25.EWA2.bin	13016716	Image	0xC7ECB8E5	Valid
3/21/2008 15:05  bootflash:cat4000-i5k91s-mz.122-25.EWA7.bin	13053148	Image	0xA1B70B67	Valid
3/21/2008 15:05  cat4000_flash:vlan.dat	1456	Unknown	0x0	Valid
3/21/2008 15:05  


3/21/2008 15:05  Device: bay-49x-msgr-3
3/21/2008 15:05  Device Name: bay-49x-msgr-3.ntwk.msn.net
3/21/2008 15:05  Current registry: 0x2102
Next registry: 0x2102
BootImage: flash bootflash:cat4000-i5k91s-mz.122-25.EWA7.bin

Contents of flash:
3/21/2008 15:05  bootflash:cat4000-i5k91s-mz.122-25.EWA2.bin	13016716	Image	0xC7ECB8E5	Valid
3/21/2008 15:05  bootflash:cat4000-i5k91s-mz.122-25.EWA7.bin	13053148	Image	0xA1B70B67	Valid
3/21/2008 15:05  cat4000_flash:vlan.dat	1456	Unknown	0x0	Valid
3/21/2008 15:05  


3/21/2008 15:05  Device: cpk-49x-1-6
3/21/2008 15:05  Device Name: cpk-49x-1-6.ntwk.msn.net
3/21/2008 15:05  Current registry: 0x2101
Next registry: 0x2102
BootImage: flash bootflash:cat4000-i5k91s-mz.122-25.EWA7.bin

Contents of flash:
3/21/2008 15:05  bootflash:cat4000-i9k91s-mz.122-25.EWA4.bin	13024920	Image	0x849A6430	Deleted
3/21/2008 15:05  bootflash:cat4000-i5k91s-mz.122-25.EWA2.bin	13016716	Image	0xC7ECB8E5	Valid
3/21/2008 15:05  bootflash:cat4000-i5k91s-mz.122-25.EWA7.bin	13053148	Image	0xA1B70B67	Valid
3/21/2008 15:05  cat4000_flash:vlan.dat	1696	Unknown	0x0	Valid
3/21/2008 15:05  


3/21/2008 15:05  Device: cpk-49x-1-60
3/21/2008 15:05  Device Name: cpk-49x-1-60.ntwk.msn.net
3/21/2008 15:05  Current registry: 0x2101
Next registry: 0x2102
BootImage: flash bootflash:cat4000-i5k91s-mz.122-25.EWA7.bin

Contents of flash:
3/21/2008 15:05  bootflash:cat4000-i9k91s-mz.122-25.EWA4.bin	13024920	Image	0x849A6430	Deleted
3/21/2008 15:05  bootflash:cat4000-i5k91s-mz.122-25.EWA2.bin	13016716	Image	0xC7ECB8E5	Valid
3/21/2008 15:05  bootflash:cat4000-i5k91s-mz.122-25.EWA7.bin	13053148	Image	0xA1B70B67	Valid
3/21/2008 15:05  cat4000_flash:vlan.dat	10636	Unknown	0x0	Valid
3/21/2008 15:05  


3/21/2008 15:05  Device: cpk-49x-1-62
3/21/2008 15:05  Device Name: cpk-49x-1-62.ntwk.msn.net
3/21/2008 15:05  Current registry: 0x2102
Next registry: 0x2102
BootImage: flash bootflash:cat4000-i5k91s-mz.122-25.EWA7.bin

Contents of flash:
3/21/2008 15:05  bootflash:cat4000-i9k91s-mz.122-25.EWA4.bin	13024920	Image	0x849A6430	Deleted
3/21/2008 15:05  bootflash:cat4000-i5k91s-mz.122-25.EWA2.bin	13016716	Image	0xC7ECB8E5	Valid
3/21/2008 15:05  bootflash:cat4000-i5k91s-mz.122-25.EWA7.bin	13053148	Image	0xA1B70B67	Valid
3/21/2008 15:05  cat4000_flash:vlan.dat	10636	Unknown	0x0	Valid
3/21/2008 15:05  


3/21/2008 15:05  Device: cpk-49x-1-63
3/21/2008 15:05  Device Name: cpk-49x-1-63.ntwk.msn.net
3/21/2008 15:05  Current registry: 0x2102
Next registry: 0x2102
BootImage: flash bootflash:cat4000-i5k91s-mz.122-25.EWA7.bin

Contents of flash:
3/21/2008 15:05  bootflash:cat4000-i9k91s-mz.122-25.EWA4.bin	13024920	Image	0x849A6430	Deleted
3/21/2008 15:05  bootflash:cat4000-i5k91s-mz.122-25.EWA2.bin	13016716	Image	0xC7ECB8E5	Valid
3/21/2008 15:05  bootflash:cat4000-i5k91s-mz.122-25.EWA7.bin	13053148	Image	0xA1B70B67	Valid
3/21/2008 15:05  cat4000_flash:vlan.dat	10636	Unknown	0x0	Valid
3/21/2008 15:05  


3/21/2008 15:05  Device: cpk-49x-1-64
3/21/2008 15:05  Device Name: cpk-49x-1-64.ntwk.msn.net
3/21/2008 15:05  Current registry: 0x2102
Next registry: 0x2102
BootImage: flash bootflash:cat4000-i5k91s-mz.122-25.EWA7.bin

Contents of flash:
3/21/2008 15:05  bootflash:cat4000-i9k91s-mz.122-25.EWA4.bin	13024920	Image	0x849A6430	Deleted
3/21/2008 15:05  bootflash:cat4000-i5k91s-mz.122-25.EWA2.bin	13016716	Image	0xC7ECB8E5	Valid
3/21/2008 15:05  bootflash:cat4000-i5k91s-mz.122-25.EWA7.bin	13053148	Image	0xA1B70B67	Valid
3/21/2008 15:05  cat4000_flash:vlan.dat	10636	Unknown	0x0	Valid
3/21/2008 15:05  


3/21/2008 15:05  Device: cpk-49x-1-65
3/21/2008 15:05  Device Name: cpk-49x-1-65.ntwk.msn.net
3/21/2008 15:05  Current registry: 0x2102
Next registry: 0x2102
BootImage: flash bootflash:cat4000-i5k91s-mz.122-25.EWA7.bin

Contents of flash:
3/21/2008 15:05  bootflash:cat4000-i5k91s-mz.122-25.EWA2.bin	13016716	Image	0xC7ECB8E5	Valid
3/21/2008 15:05  bootflash:cat4000-i5k91s-mz.122-25.EWA7.bin	13053148	Image	0xA1B70B67	Valid
3/21/2008 15:05  cat4000_flash:vlan.dat	10696	Unknown	0x0	Valid
3/21/2008 15:05  


3/21/2008 15:05  Device: cpk-49x-1-66
3/21/2008 15:05  Device Name: cpk-49x-1-66.ntwk.msn.net
3/21/2008 15:05  Current registry: 0x2102
Next registry: 0x2102
BootImage: flash bootflash:cat4000-i5k91s-mz.122-25.EWA7.bin

Contents of flash:
3/21/2008 15:05  bootflash:cat4000-i5k91s-mz.122-25.EWA2.bin	13016716	Image	0xC7ECB8E5	Valid
3/21/2008 15:05  bootflash:cat4000-i5k91s-mz.122-25.EWA7.bin	13053148	Image	0xA1B70B67	Valid
3/21/2008 15:05  cat4000_flash:vlan.dat	10696	Unknown	0x0	Valid
3/21/2008 15:05  


3/21/2008 15:05  Device: cpk-49x-1-67
3/21/2008 15:05  Device Name: cpk-49x-1-67.ntwk.msn.net
3/21/2008 15:05  Current registry: 0x2101
Next registry: 0x2102
BootImage: flash bootflash:cat4000-i5k91s-mz.122-25.EWA7.bin

Contents of flash:
3/21/2008 15:05  bootflash:cat4000-i5k91s-mz.122-25.EWA2.bin	13016716	Image	0xC7ECB8E5	Valid
3/21/2008 15:05  bootflash:cat4000-i5k91s-mz.122-25.EWA7.bin	13053148	Image	0xA1B70B67	Valid
3/21/2008 15:05  cat4000_flash:vlan.dat	10696	Unknown	0x0	Valid
3/21/2008 15:05  


3/21/2008 15:05  Device: cpk-49x-1-69
3/21/2008 15:05  Device Name: cpk-49x-1-69.ntwk.msn.net
3/21/2008 15:05  Current registry: 0x2101
Next registry: 0x2102
BootImage: flash bootflash:cat4000-i5k91s-mz.122-25.EWA7.bin

Contents of flash:
3/21/2008 15:05  bootflash:cat4000-i5k91s-mz.122-25.EWA2.bin	13016716	Image	0xC7ECB8E5	Valid
3/21/2008 15:05  bootflash:cat4000-i5k91s-mz.122-25.EWA7.bin	13053148	Image	0xA1B70B67	Valid
3/21/2008 15:05  cat4000_flash:vlan.dat	10696	Unknown	0x0	Valid
3/21/2008 15:05  


3/21/2008 15:05  Device: cpk-49x-1-7
3/21/2008 15:06  Device Name: cpk-49x-1-7.ntwk.msn.net
3/21/2008 15:06  Current registry: 0x2101
Next registry: 0x2102
BootImage: flash bootflash:cat4000-i5k91s-mz.122-25.EWA7.bin

Contents of flash:
3/21/2008 15:06  bootflash:cat4000-i9k91s-mz.122-25.EWA4.bin	13024920	Image	0x849A6430	Deleted
3/21/2008 15:06  bootflash:cat4000-i5k91s-mz.122-25.EWA2.bin	13016716	Image	0xC7ECB8E5	Valid
3/21/2008 15:06  bootflash:cat4000-i5k91s-mz.122-25.EWA7.bin	13053148	Image	0xA1B70B67	Valid
3/21/2008 15:06  cat4000_flash:vlan.dat	1756	Unknown	0x0	Valid
3/21/2008 15:06  


3/21/2008 15:06  Device: tuk-49b-xit-1
3/21/2008 15:06  Device Name: tuk-49b-xit-1.ntwk.msn.net
3/21/2008 15:06  Current registry: 0x2101
Next registry: 0x2102
BootImage: flash bootflash:cat4000-i5k91s-mz.122-25.EWA7.bin

Contents of flash:
3/21/2008 15:06  bootflash:cat4000-i5k91s-mz.122-25.EWA2.bin	13016716	Image	0xC7ECB8E5	Valid
3/21/2008 15:06  bootflash:cat4000-i5k91s-mz.122-25.EWA7.bin	13053148	Image	0xA1B70B67	Valid
3/21/2008 15:06  cat4000_flash:vlan.dat	796	Unknown	0x0	Valid
3/21/2008 15:06  


3/21/2008 15:06  Device: tuk-49nf-bulk-mcs-1a
3/21/2008 15:06  Device Name: tuk-49nf-bulk-mcs-1a.ntwk.msn.net
3/21/2008 15:06  Current registry: 0x2101
Next registry: 0x2101
BootImage: flash bootflash:cat4000-i5k91s-mz.122-25.EWA7.bin

Contents of flash:
3/21/2008 15:06  bootflash:cat4000-i5k91s-mz.122-25.EWA7	13053148	Image	0xA1B70B67	Deleted
3/21/2008 15:06  bootflash:cat4000-i5k91s-mz.122-25.EWA2.bin	13016716	Image	0xC7ECB8E5	Valid
3/21/2008 15:06  bootflash:cat4000-i5k91s-mz.122-25.EWA7.bin	13053148	Image	0xA1B70B67	Valid
3/21/2008 15:06  cat4000_flash:vlan.dat	916	Unknown	0x0	Valid
3/21/2008 15:06  


3/21/2008 15:06  Device: tuk-49nf-bulk-mcs-1b
3/21/2008 15:06  Device Name: tuk-49nf-bulk-mcs-1b.ntwk.msn.net
3/21/2008 15:06  Current registry: 0x2101
Next registry: 0x2101
BootImage: flash bootflash:cat4000-i5k91s-mz.122-25.EWA7.bin

Contents of flash:
3/21/2008 15:06  bootflash:cat4000-i5k91s-mz.122-25.EWA7	13053148	Image	0xA1B70B67	Deleted
3/21/2008 15:06  bootflash:cat4000-i5k91s-mz.122-25.EWA2.bin	1376256	Unknown	0xEBCEEE36	Deleted
3/21/2008 15:06  bootflash:cat4000-i5k91s-mz.122-25.EWA2.bin	327680	Unknown	0x8D90CF08	Deleted
3/21/2008 15:06  bootflash:cat4000-i5k91s-mz.122-25.EWA2.bin	13016716	Image	0xC7ECB8E5	Valid
3/21/2008 15:06  bootflash:cat4000-i5k91s-mz.122-25.EWA7.bin	13053148	Image	0xA1B70B67	Valid
3/21/2008 15:06  cat4000_flash:vlan.dat	916	Unknown	0x0	Valid
3/21/2008 15:06  


3/21/2008 15:06  Device: by2-49x-msgr-1
3/21/2008 15:06  Device Name: by2-49x-msgr-1.ntwk.msn.net
3/21/2008 15:06  Current registry: 0x2102
Next registry: 0x2102
BootImage: flash bootflash:cat4000-i5k91s-mz.122-25.EWA7.bin

Contents of flash:
3/21/2008 15:06  bootflash:cat4000-i9s-mz.122-25.EWA6.bin	12531808	Image	0xB123FDC4	Valid
3/21/2008 15:06  bootflash:cat4000-i5k91s-mz.122-25.EWA2.bin	13016716	Image	0xC7ECB8E5	Valid
3/21/2008 15:06  bootflash:cat4000-i5k91s-mz.122-25.EWA7.bin	1376256	Unknown	0xD14BB816	InvalidCheckSum
3/21/2008 15:06  cat4000_flash:vlan.dat	1336	Unknown	0x0	Valid
3/21/2008 15:06  


3/21/2008 15:06  Device: by2-49x-msgr-10
3/21/2008 15:06  Device Name: by2-49x-msgr-10.ntwk.msn.net
3/21/2008 15:06  Current registry: 0x2102
Next registry: 0x2102
BootImage: flash bootflash:cat4000-i5k91s-mz.122-25.EWA7.bin

Contents of flash:
3/21/2008 15:06  bootflash:cat4000-i9s-mz.122-25.EWA6.bin	12531808	Image	0xB123FDC4	Valid
3/21/2008 15:06  bootflash:cat4000-i5k91s-mz.122-25.EWA2.bin	13016716	Image	0xC7ECB8E5	Valid
3/21/2008 15:06  bootflash:cat4000-i5k91s-mz.122-25.EWA7.bin	13053148	Image	0xA1B70B67	Valid
3/21/2008 15:06  cat4000_flash:vlan.dat	1336	Unknown	0x0	Valid
3/21/2008 15:06  


3/21/2008 15:06  Device: by2-49x-msgr-11
3/21/2008 15:06  Device Name: by2-49x-msgr-11.ntwk.msn.net
3/21/2008 15:06  Current registry: 0x2102
Next registry: 0x2102
BootImage: flash bootflash:cat4000-i5k91s-mz.122-25.EWA7.bin

Contents of flash:
3/21/2008 15:06  bootflash:cat4000-i5k91s-mz.122-25.EWA2.bin	13016716	Image	0xC7ECB8E5	Valid
3/21/2008 15:06  bootflash:cat4000-i5k91s-mz.122-25.EWA7.bin	13053148	Image	0xA1B70B67	Valid
3/21/2008 15:06  cat4000_flash:vlan.dat	1336	Unknown	0x0	Valid
3/21/2008 15:06  


3/21/2008 15:06  Device: by2-49x-msgr-12
3/21/2008 15:06  Device Name: by2-49x-msgr-12.ntwk.msn.net
3/21/2008 15:06  Current registry: 0x2102
Next registry: 0x2102
BootImage: flash bootflash:cat4000-i5k91s-mz.122-25.EWA7.bin

Contents of flash:
3/21/2008 15:06  bootflash:cat4000-i5k91s-mz.122-25.EWA2.bin	13016716	Image	0xC7ECB8E5	Valid
3/21/2008 15:06  bootflash:cat4000-i5k91s-mz.122-25.EWA7.bin	13053148	Image	0xA1B70B67	Valid
3/21/2008 15:06  cat4000_flash:vlan.dat	1336	Unknown	0x0	Valid
3/21/2008 15:06  


3/21/2008 15:06  Device: by2-49x-msgr-2
3/21/2008 15:06  Device Name: by2-49x-msgr-2.ntwk.msn.net
3/21/2008 15:06  Current registry: 0x2102
Next registry: 0x2102
BootImage: flash bootflash:cat4000-i5k91s-mz.122-25.EWA7.bin

Contents of flash:
3/21/2008 15:06  bootflash:cat4000-i9s-mz.122-25.EWA6.bin	12531808	Image	0xB123FDC4	Valid
3/21/2008 15:06  bootflash:cat4000-i5k91s-mz.122-25.EWA2.bin	13016716	Image	0xC7ECB8E5	Valid
3/21/2008 15:06  bootflash:cat4000-i5k91s-mz.122-25.EWA7.bin	13053148	Image	0xA1B70B67	Valid
3/21/2008 15:06  cat4000_flash:vlan.dat	1336	Unknown	0x0	Valid
3/21/2008 15:06  


3/21/2008 15:06  Device: blu-49f-btd-11
3/21/2008 15:06  Device Name: blu-49f-btd-11.ntwk.msn.net
3/21/2008 15:06  Current registry: 0x2102
Next registry: 0x2102
BootImage: flash bootflash:cat4000-i5k91s-mz.122-25.EWA7.bin

Contents of flash:
3/21/2008 15:06  bootflash:cat4000-i5k91s-mz.122-25.EWA2.bin	13016716	Image	0xC7ECB8E5	Valid
3/21/2008 15:06  bootflash:cat4000-i5k91s-mz.122-25.EWA7.bin	13053148	Image	0xA1B70B67	Valid
3/21/2008 15:06  cat4000_flash:vlan.dat	976	Unknown	0x0	Valid
3/21/2008 15:06  


3/21/2008 15:06  Device: dub-49b-xit-1
3/21/2008 15:06  Device Name: dub-49b-xit-1.ntwk.msn.net
3/21/2008 15:06  Current registry: 0x2101
Next registry: 0x2102
BootImage: flash bootflash:cat4000-i5k91s-mz.122-25.EWA7.bin

Contents of flash:
3/21/2008 15:06  bootflash:cat4000-i5k91s-mz.122-25.EWA2.bin	13016716	Image	0xC7ECB8E5	Valid
3/21/2008 15:06  bootflash:DoNotDelete.txt	94	Unknown	0x2FD089B2	Deleted
3/21/2008 15:06  bootflash:cat4000-i5k91s-mz.122-25.EWA7.bin	13053148	Image	0xA1B70B67	Valid
3/21/2008 15:06  cat4000_flash:vlan.dat	796	Unknown	0x0	Valid
3/21/2008 15:06  


3/21/2008 15:06  Device: bay-49x-2020-1-12
3/21/2008 15:06  Device Name: bay-49x-2020-1-12.ntwk.msn.net
3/21/2008 15:06  Current registry: 0x2101
Next registry: 0x2102
BootImage: flash bootflash:cat4000-i5k91s-mz.122-25.EWA7.bin

Contents of flash:
3/21/2008 15:06  bootflash:cat4000-i9s-mz.122-25.EWA9.bin	12389016	Image	0x7BDFD5DB	Deleted
3/21/2008 15:06  bootflash:cat4000-i5k91s-mz.122-25.EWA2.bin	13016716	Image	0xC7ECB8E5	Valid
3/21/2008 15:06  bootflash:cat4000-i5k91s-mz.122-25.EWA7.bin	13053148	Image	0xA1B70B67	Valid
3/21/2008 15:06  cat4000_flash:vlan.dat	976	Unknown	0x0	Valid
3/21/2008 15:06  


3/21/2008 15:06  Device: bl2-49x-hot-121-08
3/21/2008 15:06  Device Name: bl2-49x-hot-121-08.ntwk.msn.net
3/21/2008 15:06  Current registry: 0x2101
Next registry: 0x2102
BootImage: flash bootflash:cat4000-i5k91s-mz.122-25.EWA7.bin

Contents of flash:
3/21/2008 15:06  bootflash:cat4000-i9s-mz.122-25.EWA8.bin	12535060	Image	0x165C41B7	Deleted
3/21/2008 15:06  bootflash:cat4000-i5k91s-mz.122-25.EWA2.bin	13016716	Image	0xC7ECB8E5	Deleted
3/21/2008 15:06  bootflash:cat4000-i5k91s-mz.122-25.EWA2.bin	13016716	Image	0xC7ECB8E5	Valid
3/21/2008 15:06  bootflash:cat4000-i5k91s-mz.122-25.EWA7.bin	13053148	Image	0xA1B70B67	Valid
3/21/2008 15:06  cat4000_flash:vlan.dat	976	Unknown	0x0	Valid
3/21/2008 15:06  


3/21/2008 15:06  Device: kaw-49x-msgr-1-01
3/21/2008 15:06  Device Name: kaw-49x-msgr-1-01.ntwk.msn.net
3/21/2008 15:06  Current registry: 0x2102
Next registry: 0x2102
BootImage: flash bootflash:cat4000-i5k91s-mz.122-25.EWA7.bin

Contents of flash:
3/21/2008 15:06  bootflash:cat4000-i9s-mz.122-25.EWA6.bin	12531808	Image	0xB123FDC4	Valid
3/21/2008 15:06  bootflash:cat4000-i5k91s-mz.122-25.EWA2.bin	13016716	Image	0xC7ECB8E5	Valid
3/21/2008 15:06  bootflash:cat4000-i5k91s-mz.122-25.EWA7.bin	13053148	Image	0xA1B70B67	Valid
3/21/2008 15:06  cat4000_flash:vlan.dat	796	Unknown	0x0	Valid
3/21/2008 15:06  


3/21/2008 15:06  Device: kaw-49x-msgr-1-02
3/21/2008 15:06  Device Name: kaw-49x-msgr-1-02.ntwk.msn.net
3/21/2008 15:06  Current registry: 0x2102
Next registry: 0x2102
BootImage: flash bootflash:cat4000-i5k91s-mz.122-25.EWA7.bin

Contents of flash:
3/21/2008 15:06  bootflash:cat4000-i9s-mz.122-25.EWA6.bin	12531808	Image	0xB123FDC4	Valid
3/21/2008 15:06  bootflash:cat4000-i5k91s-mz.122-25.EWA2.bin	13016716	Image	0xC7ECB8E5	Valid
3/21/2008 15:06  bootflash:cat4000-i5k91s-mz.122-25.EWA7.bin	13053148	Image	0xA1B70B67	Valid
3/21/2008 15:06  cat4000_flash:vlan.dat	796	Unknown	0x0	Valid
3/21/2008 15:06  


3/21/2008 15:06  Device: kaw-49x-msgr-1-03
3/21/2008 15:06  Device Name: kaw-49x-msgr-1-03.ntwk.msn.net
3/21/2008 15:06  Current registry: 0x2102
Next registry: 0x2102
BootImage: flash bootflash:cat4000-i5k91s-mz.122-25.EWA7.bin

Contents of flash:
3/21/2008 15:06  bootflash:cat4000-i9s-mz.122-25.EWA6.bin	12531808	Image	0xB123FDC4	Valid
3/21/2008 15:06  bootflash:cat4000-i5k91s-mz.122-25.EWA2.bin	13016716	Image	0xC7ECB8E5	Valid
3/21/2008 15:06  bootflash:cat4000-i5k91s-mz.122-25.EWA7.bin	13053148	Image	0xA1B70B67	Valid
3/21/2008 15:06  cat4000_flash:vlan.dat	796	Unknown	0x0	Valid
3/21/2008 15:06  


3/21/2008 15:06  Device: kaw-49x-msgr-1-04
3/21/2008 15:06  Device Name: kaw-49x-msgr-1-04.ntwk.msn.net
3/21/2008 15:06  Current registry: 0x2102
Next registry: 0x2102
BootImage: flash bootflash:cat4000-i5k91s-mz.122-25.EWA7.bin

Contents of flash:
3/21/2008 15:06  bootflash:cat4000-i9s-mz.122-25.EWA6.bin	12531808	Image	0xB123FDC4	Valid
3/21/2008 15:06  bootflash:cat4000-i5k91s-mz.122-25.EWA2.bin	13016716	Image	0xC7ECB8E5	Valid
3/21/2008 15:06  bootflash:cat4000-i5k91s-mz.122-25.EWA7.bin	13053148	Image	0xA1B70B67	Valid
3/21/2008 15:06  cat4000_flash:vlan.dat	796	Unknown	0x0	Valid
3/21/2008 15:06  


3/21/2008 15:06  Device: blu-49b-btd-10
3/21/2008 15:07  Production string didn't work, trying others
3/21/2008 15:07  Trying Remote string
3/21/2008 15:07  Remote string didn't work during get, trying next.
3/21/2008 15:07  Trying Search string
3/21/2008 15:07  Search string didn't work during get, trying next.
3/21/2008 15:07  Trying Future string
3/21/2008 15:07  Future string didn't work during get, trying next.
3/21/2008 15:07  Trying Lab string
3/21/2008 15:07  Lab string didn't work during get, trying next.
3/21/2008 15:07  Trying Production string
3/21/2008 15:08  Production string didn't work during get, trying next.
3/21/2008 15:08  Sysname ERROR: No response from remote host blu-49b-btd-10. Skipping device
3/21/2008 15:08  Device: blu-49b-btd-11
3/21/2008 15:08  Device Name: blu-49b-btd-11.ntwk.msn.net
3/21/2008 15:08  Current registry: 0x2102
Next registry: 0x2102
BootImage: flash bootflash:cat4000-i5k91s-mz.122-25.EWA7.bin

Contents of flash:
3/21/2008 15:08  bootflash:cat4000-i5k91s-mz.122-25.EWA2.bin	13016716	Image	0xC7ECB8E5	Valid
3/21/2008 15:08  bootflash:cat4000-i5k91s-mz.122-25.EWA7.bin	13053148	Image	0xA1B70B67	Valid
3/21/2008 15:08  cat4000_flash:vlan.dat	976	Unknown	0x0	Valid
3/21/2008 15:08  


3/21/2008 15:08  Device: blu-49b-btd-13
3/21/2008 15:08  Device Name: blu-49b-btd-13.ntwk.msn.net
3/21/2008 15:08  Current registry: 0x2102
Next registry: 0x2102
BootImage: flash bootflash:cat4000-i5k91s-mz.122-25.EWA7.bin

Contents of flash:
3/21/2008 15:08  bootflash:cat4000-i5k91s-mz.122-25.EWA2.bin	13016716	Image	0xC7ECB8E5	Valid
3/21/2008 15:08  bootflash:cat4000-i5k91s-mz.122-25.EWA7.bin	13053148	Image	0xA1B70B67	Valid
3/21/2008 15:08  cat4000_flash:vlan.dat	976	Unknown	0x0	Valid
3/21/2008 15:08  


3/21/2008 15:08  Device: by2-49x-idss-2-15
3/21/2008 15:08  Device Name: by2-49x-idss-2-15.ntwk.msn.net
3/21/2008 15:08  Current registry: 0x2101
Next registry: 0x2102
BootImage: flash bootflash:cat4000-i5k91s-mz.122-25.EWA7.bin

Contents of flash:
3/21/2008 15:08  bootflash:cat4000-i5k91s-mz.122-25.EWA7.bin	13053148	Image	0xA1B70B67	Valid
3/21/2008 15:08  cat4000_flash:vlan.dat	2716	Unknown	0x0	Valid
3/21/2008 15:08  


3/21/2008 15:08  Device: cpk-49x-1-95
3/21/2008 15:08  Device Name: cpk-49x-1-95.ntwk.msn.net
3/21/2008 15:08  Current registry: 0x2101
Next registry: 0x2102
BootImage: flash bootflash:cat4000-i5k91s-mz.122-25.EWA7.bin

Contents of flash:
3/21/2008 15:08  bootflash:cat4000-i9s-mz.122-25.EWA6.bin	12531808	Image	0xB123FDC4	Valid
3/21/2008 15:08  bootflash:cat4000-i5k91s-mz.122-25.EWA7.bin	13053148	Image	0xA1B70B67	Valid
3/21/2008 15:08  cat4000_flash:vlan.dat	10636	Unknown	0x0	Valid
3/21/2008 15:08  


3/21/2008 15:08  Device: bl2-49x-hot-114-01
3/21/2008 15:08  Device Name: bl2-49x-hot-114-01.ntwk.msn.net
3/21/2008 15:08  Current registry: 0x0101
Next registry: 0x2102
BootImage: flash bootflash:cat4000-i5k91s-mz.122-25.EWA7.bin

Contents of flash:
3/21/2008 15:08  bootflash:cat4000-i9s-mz.122-25.EWA8.bin	12535060	Image	0x165C41B7	Deleted
3/21/2008 15:08  bootflash:cat4000-i5k91s-mz.122-25.EWA2.bin	13016716	Image	0xC7ECB8E5	Valid
3/21/2008 15:08  bootflash:cat4000-i5k91s-mz.122-25.EWA7.bin	6488064	Unknown	0xE0CB333A	Deleted
3/21/2008 15:08  bootflash:cat4000-i5k91s-mz.122-25.EWA7.bin	13053148	Image	0xA1B70B67	Valid
3/21/2008 15:08  cat4000_flash:vlan.dat	976	Unknown	0x0	Valid
3/21/2008 15:08  


3/21/2008 15:08  Device: bl2-49x-hot-114-02
3/21/2008 15:08  Device Name: bl2-49x-hot-114-02.ntwk.msn.net
3/21/2008 15:08  Current registry: 0x0101
Next registry: 0x2102
BootImage: flash bootflash:cat4000-i5k91s-mz.122-25.EWA7.bin

Contents of flash:
3/21/2008 15:08  bootflash:cat4000-i9s-mz.122-25.EWA8.bin	12535060	Image	0x165C41B7	Deleted
3/21/2008 15:08  bootflash:cat4000-i5k91s-mz.122-25.EWA2.bin	13016716	Image	0xC7ECB8E5	Valid
3/21/2008 15:08  bootflash:cat4000-i5k91s-mz.122-25.EWA7.bin	3801088	Unknown	0xDD315C8	Deleted
3/21/2008 15:08  bootflash:cat4000-i5k91s-mz.122-25.EWA7.bin	13053148	Image	0xA1B70B67	Valid
3/21/2008 15:08  cat4000_flash:vlan.dat	976	Unknown	0x0	Valid
3/21/2008 15:08  


3/21/2008 15:08  Device: bl2-49x-hot-114-04
3/21/2008 15:08  Device Name: bl2-49x-hot-114-04.ntwk.msn.net
3/21/2008 15:08  Current registry: 0x0101
Next registry: 0x2102
BootImage: flash bootflash:cat4000-i5k91s-mz.122-25.EWA7.bin

Contents of flash:
3/21/2008 15:08  bootflash:cat4000-i9s-mz.122-25.EWA8.bin	12535060	Image	0x165C41B7	Deleted
3/21/2008 15:08  bootflash:cat4000-i5k91s-mz.122-25.EWA2.bin	13016716	Image	0xC7ECB8E5	Deleted
3/21/2008 15:08  bootflash:cat4000-i5k91s-mz.122-25.EWA2.bin	13016716	Image	0xC7ECB8E5	Valid
3/21/2008 15:08  bootflash:cat4000-i5k91s-mz.122-25.EWA7.bin	3801088	Unknown	0xDD315C8	Deleted
3/21/2008 15:08  bootflash:cat4000-i5k91s-mz.122-25.EWA7.bin	13053148	Image	0xA1B70B67	Valid
3/21/2008 15:08  cat4000_flash:vlan.dat	976	Unknown	0x0	Valid
3/21/2008 15:08  


3/21/2008 15:08  Device: bl2-49x-hot-114-06
3/21/2008 15:08  Device Name: bl2-49x-hot-114-06.ntwk.msn.net
3/21/2008 15:08  Current registry: 0x0101
Next registry: 0x2102
BootImage: flash bootflash:cat4000-i5k91s-mz.122-25.EWA7.bin

Contents of flash:
3/21/2008 15:08  bootflash:cat4000-i9s-mz.122-25.EWA8.bin	12535060	Image	0x165C41B7	Deleted
3/21/2008 15:08  bootflash:cat4000-i5k91s-mz.122-25.EWA2.bin	13016716	Image	0xC7ECB8E5	Valid
3/21/2008 15:08  bootflash:cat4000-i5k91s-mz.122-25.EWA7.bin	1048576	Unknown	0xE7572C2B	Deleted
3/21/2008 15:08  bootflash:cat4000-i5k91s-mz.122-25.EWA7.bin	13053148	Image	0xA1B70B67	Valid
3/21/2008 15:08  cat4000_flash:vlan.dat	976	Unknown	0x0	Valid
3/21/2008 15:08  


3/21/2008 15:08  Device: cpk-49x-1-80
3/21/2008 15:08  Device Name: cpk-49x-1-80.ntwk.msn.net
3/21/2008 15:08  Current registry: 0x2101
Next registry: 0x2102
BootImage: flash bootflash:cat4000-i5k91s-mz.122-25.EWA7.bin

Contents of flash:
3/21/2008 15:08  bootflash:cat4000-i9s-mz.122-25.EWA6.bin	12531808	Image	0xB123FDC4	Deleted
3/21/2008 15:08  bootflash:cat4000-i5k91s-mz.122-25.EWA2.bin	13016716	Image	0xC7ECB8E5	Valid
3/21/2008 15:08  bootflash:cat4000-i5k91s-mz.122-25.EWA7.bin	13053148	Image	0xA1B70B67	Deleted
3/21/2008 15:08  bootflash:cat4000-i5k91s-mz.122-25.EWA7.bin	13053148	Image	0xA1B70B67	Valid
3/21/2008 15:08  cat4000_flash:vlan.dat	10636	Unknown	0x0	Valid
3/21/2008 15:08  


3/21/2008 15:08  Device: cpk-49x-1-81
3/21/2008 15:08  Device Name: cpk-49x-1-81.ntwk.msn.net
3/21/2008 15:08  Current registry: 0x2101
Next registry: 0x2102
BootImage: flash bootflash:cat4000-i5k91s-mz.122-25.EWA7.bin

Contents of flash:
3/21/2008 15:08  bootflash:cat4000-i9s-mz.122-25.EWA6.bin	12531808	Image	0xB123FDC4	Deleted
3/21/2008 15:08  bootflash:cat4000-i5k91s-mz.122-25.EWA2.bin	13016716	Image	0xC7ECB8E5	Valid
3/21/2008 15:08  bootflash:cat4000-i5k91s-mz.122-25.EWA7.bin	13053148	Image	0xA1B70B67	Valid
3/21/2008 15:08  cat4000_flash:vlan.dat	10636	Unknown	0x0	Valid
3/21/2008 15:08  


3/21/2008 15:08  Device: cpk-49x-1-82
3/21/2008 15:08  Device Name: cpk-49x-1-82.ntwk.msn.net
3/21/2008 15:08  Current registry: 0x2101
Next registry: 0x2102
BootImage: flash bootflash:cat4000-i5k91s-mz.122-25.EWA7.bin

Contents of flash:
3/21/2008 15:08  bootflash:cat4000-i9s-mz.122-25.EWA6.bin	12531808	Image	0xB123FDC4	Deleted
3/21/2008 15:08  bootflash:cat4000-i5k91s-mz.122-25.EWA2.bin	13016716	Image	0xC7ECB8E5	Valid
3/21/2008 15:08  bootflash:cat4000-i5k91s-mz.122-25.EWA7.bin	13053148	Image	0xA1B70B67	Deleted
3/21/2008 15:08  bootflash:cat4000-i5k91s-mz.122-25.EWA7.bin	13053148	Image	0xA1B70B67	Valid
3/21/2008 15:08  cat4000_flash:vlan.dat	10696	Unknown	0x0	Valid
3/21/2008 15:08  


3/21/2008 15:08  Device: cpk-49x-1-85
3/21/2008 15:08  Device Name: cpk-49x-1-85.ntwk.msn.net
3/21/2008 15:08  Current registry: 0x2101
Next registry: 0x2102
BootImage: flash bootflash:cat4000-i5k91s-mz.122-25.EWA7.bin

Contents of flash:
3/21/2008 15:08  bootflash:cat4000-i9s-mz.122-25.EWA6.bin	12531808	Image	0xB123FDC4	Deleted
3/21/2008 15:08  bootflash:cat4000-i5k91s-mz.122-25.EWA2.bin	13016716	Image	0xC7ECB8E5	Valid
3/21/2008 15:08  bootflash:cat4000-i5k91s-mz.122-25.EWA7.bin	13053148	Image	0xA1B70B67	Valid
3/21/2008 15:08  cat4000_flash:vlan.dat	10696	Unknown	0x0	Valid
3/21/2008 15:08  


3/21/2008 15:08  Device: cpk-49x-1-86
3/21/2008 15:08  Device Name: cpk-49x-1-86.ntwk.msn.net
3/21/2008 15:08  Current registry: 0x2101
Next registry: 0x2102
BootImage: flash bootflash:cat4000-i5k91s-mz.122-25.EWA7.bin

Contents of flash:
3/21/2008 15:08  bootflash:cat4000-i9s-mz.122-25.EWA6.bin	12531808	Image	0xB123FDC4	Deleted
3/21/2008 15:08  bootflash:cat4000-i5k91s-mz.122-25.EWA2.bin	13016716	Image	0xC7ECB8E5	Valid
3/21/2008 15:08  bootflash:cat4000-i5k91s-mz.122-25.EWA7.bin	13053148	Image	0xA1B70B67	Deleted
3/21/2008 15:08  bootflash:cat4000-i5k91s-mz.122-25.EWA7.bin	13053148	Image	0xA1B70B67	Valid
3/21/2008 15:08  cat4000_flash:vlan.dat	10756	Unknown	0x0	Valid
3/21/2008 15:08  


3/21/2008 15:08  Device: cpk-49x-1-87
3/21/2008 15:08  Device Name: cpk-49x-1-87.ntwk.msn.net
3/21/2008 15:08  Current registry: 0x2101
Next registry: 0x2102
BootImage: flash bootflash:cat4000-i5k91s-mz.122-25.EWA7.bin

Contents of flash:
3/21/2008 15:08  bootflash:cat4000-i5k91s-mz.122-25.EWA2.bin	13016716	Image	0xC7ECB8E5	Valid
3/21/2008 15:08  bootflash:cat4000-i5k91s-mz.122-25.EWA7.bin	13053148	Image	0xA1B70B67	Valid
3/21/2008 15:08  cat4000_flash:vlan.dat	10696	Unknown	0x0	Valid
3/21/2008 15:08  


3/21/2008 15:08  Device: cpk-49x-1-88
3/21/2008 15:08  Device Name: cpk-49x-1-88.ntwk.msn.net
3/21/2008 15:08  Current registry: 0x2101
Next registry: 0x2102
BootImage: flash bootflash:cat4000-i5k91s-mz.122-25.EWA7.bin

Contents of flash:
3/21/2008 15:08  bootflash:cat4000-i9s-mz.122-25.EWA6.bin	12531808	Image	0xB123FDC4	Deleted
3/21/2008 15:08  bootflash:cat4000-i5k91s-mz.122-25.EWA2.bin	13016716	Image	0xC7ECB8E5	Valid
3/21/2008 15:08  bootflash:cat4000-i5k91s-mz.122-25.EWA7.bin	13053148	Image	0xA1B70B67	Valid
3/21/2008 15:08  cat4000_flash:vlan.dat	10696	Unknown	0x0	Valid
3/21/2008 15:08  


3/21/2008 15:08  Device: by2-49x-1-03
3/21/2008 15:08  Device Name: by2-49x-1-03.ntwk.msn.net
3/21/2008 15:08  Current registry: 0x2101
Next registry: 0x2102
BootImage: flash bootflash:cat4000-i5k91s-mz.122-25.EWA7.bin

Contents of flash:
3/21/2008 15:08  bootflash:cat4000-i9s-mz.122-25.EWA6.bin	12531808	Image	0xB123FDC4	Deleted
3/21/2008 15:08  bootflash:cat4000-i5k91s-mz.122-25.EWA2.bin	13016716	Image	0xC7ECB8E5	Deleted
3/21/2008 15:08  bootflash:cat4000-i5k91s-mz.122-25.EWA2.bin	13016716	Image	0xC7ECB8E5	Valid
3/21/2008 15:08  bootflash:cat4000-i5k91s-mz.122-25.EWA7.bin	13053148	Image	0xA1B70B67	Valid
3/21/2008 15:08  cat4000_flash:vlan.dat	2536	Unknown	0x0	Valid
3/21/2008 15:08  


3/21/2008 15:08  Device: by2-49x-1-04
3/21/2008 15:08  Device Name: by2-49x-1-04.ntwk.msn.net
3/21/2008 15:08  Current registry: 0x2101
Next registry: 0x2102
BootImage: flash bootflash:cat4000-i5k91s-mz.122-25.EWA7.bin

Contents of flash:
3/21/2008 15:08  bootflash:cat4000-i5k91s-mz.122-25.EWA2.bin	13016716	Image	0xC7ECB8E5	Valid
3/21/2008 15:08  bootflash:cat4000-i5k91s-mz.122-25.EWA7.bin	13053148	Image	0xA1B70B67	Valid
3/21/2008 15:08  cat4000_flash:vlan.dat	2536	Unknown	0x0	Valid
3/21/2008 15:08  


3/21/2008 15:08  Device: by2-49x-3-01
3/21/2008 15:08  Device Name: by2-49x-3-01.ntwk.msn.net
3/21/2008 15:08  Current registry: 0x2102
Next registry: 0x2102
BootImage: flash bootflash:cat4000-i5k91s-mz.122-25.EWA7.bin

Contents of flash:
3/21/2008 15:08  bootflash:cat4000-i5k91s-mz.122-25.EWA2.bin	13016716	Image	0xC7ECB8E5	Valid
3/21/2008 15:08  bootflash:cat4000-i5k91s-mz.122-25.EWA7.bin	13053148	Image	0xA1B70B67	Valid
3/21/2008 15:08  cat4000_flash:vlan.dat	1576	Unknown	0x0	Valid
3/21/2008 15:08  


3/21/2008 15:08  Device: by2-49x-3-02
3/21/2008 15:08  Device Name: by2-49x-3-02.ntwk.msn.net
3/21/2008 15:08  Current registry: 0x2101
Next registry: 0x2102
BootImage: flash bootflash:cat4000-i5k91s-mz.122-25.EWA7.bin

Contents of flash:
3/21/2008 15:08  bootflash:cat4000-i5k91s-mz.122-25.EWA2.bin	13016716	Image	0xC7ECB8E5	Valid
3/21/2008 15:08  bootflash:cat4000-i5k91s-mz.122-25.EWA7.bin	13053148	Image	0xA1B70B67	Valid
3/21/2008 15:08  cat4000_flash:vlan.dat	1576	Unknown	0x0	Valid
3/21/2008 15:08  


3/21/2008 15:08  Device: by2-49x-3-03
3/21/2008 15:08  Device Name: by2-49x-3-03.ntwk.msn.net
3/21/2008 15:08  Current registry: 0x2101
Next registry: 0x2102
BootImage: flash bootflash:cat4000-i5k91s-mz.122-25.EWA7.bin

Contents of flash:
3/21/2008 15:08  bootflash:cat4000-i5k91s-mz.122-25.EWA2.bin	13016716	Image	0xC7ECB8E5	Valid
3/21/2008 15:08  bootflash:cat4000-i5k91s-mz.122-25.EWA7.bin	13053148	Image	0xA1B70B67	Valid
3/21/2008 15:08  cat4000_flash:vlan.dat	1576	Unknown	0x0	Valid
3/21/2008 15:08  


3/21/2008 15:08  Device: by2-49x-3-07
3/21/2008 15:08  Device Name: by2-49x-3-07.ntwk.msn.net
3/21/2008 15:08  Current registry: 0x2101
Next registry: 0x2102
BootImage: flash bootflash:cat4000-i5k91s-mz.122-25.EWA7.bin

Contents of flash:
3/21/2008 15:08  bootflash:cat4000-i5k91s-mz.122-25.EWA2.bin	13016716	Image	0xC7ECB8E5	Valid
3/21/2008 15:08  bootflash:cat4000-i5k91s-mz.122-25.EWA7.bin	13053148	Image	0xA1B70B67	Valid
3/21/2008 15:08  cat4000_flash:vlan.dat	1576	Unknown	0x0	Valid
3/21/2008 15:08  


3/21/2008 15:08  Device: blu-49x-str-1-08
3/21/2008 15:08  Device Name: blu-49x-str-1-08.ntwk.msn.net
3/21/2008 15:08  Current registry: 0x0101
Next registry: 0x2102
BootImage: flash bootflash:cat4000-i5k91s-mz.122-25.EWA7.bin

Contents of flash:
3/21/2008 15:09  bootflash:cat4000-i9s-mz.122-25.EWA6.bin	12531808	Image	0xB123FDC4	Deleted
3/21/2008 15:09  bootflash:cat4000-i5k91s-mz.122-25.EWA2.bin	13016716	Image	0xC7ECB8E5	Valid
3/21/2008 15:09  bootflash:cat4000-i5k91s-mz.122-25.EWA7.bin	13053148	Image	0xA1B70B67	Valid
3/21/2008 15:09  cat4000_flash:vlan.dat	916	Unknown	0x0	Valid
3/21/2008 15:09  


3/21/2008 15:09  Device: cpk-49x-1-22
3/21/2008 15:09  Device Name: cpk-49x-1-22.ntwk.msn.net
3/21/2008 15:09  Current registry: 0x2101
Next registry: 0x2102
BootImage: flash bootflash:cat4000-i5k91s-mz.122-25.EWA7.bin

Contents of flash:
3/21/2008 15:09  bootflash:cat4000-i9k91s-mz.122-25.EWA4.bin	13024920	Image	0x849A6430	Deleted
3/21/2008 15:09  bootflash:cat4000-i5k91s-mz.122-25.EWA2.bin	13016716	Image	0xC7ECB8E5	Valid
3/21/2008 15:09  bootflash:cat4000-i5k91s-mz.122-25.EWA7.bin	13053148	Image	0xA1B70B67	Valid
3/21/2008 15:09  cat4000_flash:vlan.dat	10696	Unknown	0x0	Valid
3/21/2008 15:09  


3/21/2008 15:09  Device: cpk-49x-1-23
3/21/2008 15:09  Device Name: cpk-49x-1-23.ntwk.msn.net
3/21/2008 15:09  Current registry: 0x2102
Next registry: 0x2102
BootImage: flash bootflash:cat4000-i5k91s-mz.122-25.EWA7.bin

Contents of flash:
3/21/2008 15:09  bootflash:cat4000-i9k91s-mz.122-25.EWA4.bin	13024920	Image	0x849A6430	Deleted
3/21/2008 15:09  bootflash:cat4000-i5k91s-mz.122-25.EWA2.bin	13016716	Image	0xC7ECB8E5	Valid
3/21/2008 15:09  bootflash:cat4000-i5k91s-mz.122-25.EWA7.bin	13053148	Image	0xA1B70B67	Valid
3/21/2008 15:09  cat4000_flash:vlan.dat	10696	Unknown	0x0	Valid
3/21/2008 15:09  


3/21/2008 15:09  Device: cpk-49x-1-24
3/21/2008 15:09  Device Name: cpk-49x-1-24.ntwk.msn.net
3/21/2008 15:09  Current registry: 0x2101
Next registry: 0x2102
BootImage: flash bootflash:cat4000-i5k91s-mz.122-25.EWA7.bin

Contents of flash:
3/21/2008 15:09  bootflash:cat4000-i9k91s-mz.122-25.EWA4.bin	13024920	Image	0x849A6430	Deleted
3/21/2008 15:09  bootflash:cat4000-i5k91s-mz.122-25.EWA2.bin	13016716	Image	0xC7ECB8E5	Valid
3/21/2008 15:09  bootflash:cat4000-i5k91s-mz.122-25.EWA7.bin	13053148	Image	0xA1B70B67	Valid
3/21/2008 15:09  cat4000_flash:vlan.dat	10696	Unknown	0x0	Valid
3/21/2008 15:09  


3/21/2008 15:09  Device: cpk-49x-1-27
3/21/2008 15:09  Device Name: cpk-49x-1-27.ntwk.msn.net
3/21/2008 15:09  Current registry: 0x2101
Next registry: 0x2102
BootImage: flash bootflash:cat4000-i5k91s-mz.122-25.EWA7.bin

Contents of flash:
3/21/2008 15:09  bootflash:cat4000-i5k91s-mz.122-25.EWA2.bin	13016716	Image	0xC7ECB8E5	Valid
3/21/2008 15:09  bootflash:cat4000-i5k91s-mz.122-25.EWA7.bin	13053148	Image	0xA1B70B67	Valid
3/21/2008 15:09  cat4000_flash:vlan.dat	10696	Unknown	0x0	Valid
3/21/2008 15:09  


3/21/2008 15:09  Device: cpk-49x-1-3
3/21/2008 15:09  Device Name: cpk-49x-1-3.ntwk.msn.net
3/21/2008 15:09  Current registry: 0x2101
Next registry: 0x2102
BootImage: flash bootflash:cat4000-i5k91s-mz.122-25.EWA7.bin

Contents of flash:
3/21/2008 15:09  bootflash:cat4000-i9k91s-mz.122-25.EWA4.bin	13024920	Image	0x849A6430	Deleted
3/21/2008 15:09  bootflash:cat4000-i5k91s-mz.122-25.EWA2.bin	13016716	Image	0xC7ECB8E5	Valid
3/21/2008 15:09  bootflash:cat4000-i5k91s-mz.122-25.EWA7.bin	13053148	Image	0xA1B70B67	Valid
3/21/2008 15:09  cat4000_flash:vlan.dat	1516	Unknown	0x0	Valid
3/21/2008 15:09  


3/21/2008 15:09  Device: cpk-49x-1-30
3/21/2008 15:09  Device Name: cpk-49x-1-30.ntwk.msn.net
3/21/2008 15:09  Current registry: 0x2102
Next registry: 0x2102
BootImage: flash bootflash:cat4000-i5k91s-mz.122-25.EWA7.bin

Contents of flash:
3/21/2008 15:09  bootflash:cat4000-i9k91s-mz.122-25.EWA4.bin	13024920	Image	0x849A6430	Deleted
3/21/2008 15:09  bootflash:cat4000-i5k91s-mz.122-25.EWA2.bin	13016716	Image	0xC7ECB8E5	Valid
3/21/2008 15:09  bootflash:cat4000-i5k91s-mz.122-25.EWA7.bin	13053148	Image	0xA1B70B67	Valid
3/21/2008 15:09  cat4000_flash:vlan.dat	10636	Unknown	0x0	Valid
3/21/2008 15:09  


3/21/2008 15:09  Device: sin-49b-xit-1
3/21/2008 15:09  Device Name: sin-49b-xit-1.ntwk.msn.net
3/21/2008 15:09  Current registry: 0x2102
Next registry: 0x2102
BootImage: flash bootflash:cat4000-i5k91s-mz.122-25.EWA7.bin

Contents of flash:
3/21/2008 15:09  bootflash:cat4000-i5k91s-mz.122-25.EWA2.bin	13016716	Image	0xC7ECB8E5	Valid
3/21/2008 15:09  bootflash:cat4000-i5k91s-mz.122-25.EWA7.bin	13053148	Image	0xA1B70B67	Valid
3/21/2008 15:09  cat4000_flash:vlan.dat	796	Unknown	0x0	Valid
3/21/2008 15:09  


3/21/2008 15:09  Device: cpk-49x-1-31
3/21/2008 15:09  Device Name: cpk-49x-1-31.ntwk.msn.net
3/21/2008 15:09  Current registry: 0x2101
Next registry: 0x2102
BootImage: flash bootflash:cat4000-i5k91s-mz.122-25.EWA7.bin

Contents of flash:
3/21/2008 15:09  bootflash:cat4000-i9s-mz.122-20.EWA3.bin	12468084	Image	0x62192FDB	Deleted
3/21/2008 15:09  bootflash:cat4000-i5k91s-mz.122-25.EWA2.bin	13016716	Image	0xC7ECB8E5	Valid
3/21/2008 15:09  bootflash:cat4000-i5k91s-mz.122-25.EWA7.bin	13053148	Image	0xA1B70B67	Valid
3/21/2008 15:09  cat4000_flash:vlan.dat	10636	Unknown	0x0	Valid
3/21/2008 15:09  


3/21/2008 15:09  Device: cpk-49x-1-33
3/21/2008 15:09  Device Name: cpk-49x-1-33.ntwk.msn.net
3/21/2008 15:09  Current registry: 0x2101
Next registry: 0x2102
BootImage: flash bootflash:cat4000-i5k91s-mz.122-25.EWA7.bin

Contents of flash:
3/21/2008 15:09  bootflash:cat4000-i9k91s-mz.122-25.EWA4.bin	13024920	Image	0x849A6430	Deleted
3/21/2008 15:09  bootflash:cat4000-i5k91s-mz.122-25.EWA2.bin	13016716	Image	0xC7ECB8E5	Valid
3/21/2008 15:09  bootflash:cat4000-i5k91s-mz.122-25.EWA7.bin	13053148	Image	0xA1B70B67	Valid
3/21/2008 15:09  cat4000_flash:vlan.dat	10636	Unknown	0x0	Valid
3/21/2008 15:09  


3/21/2008 15:09  Device: cpk-49x-1-34
3/21/2008 15:09  Device Name: cpk-49x-1-34.ntwk.msn.net
3/21/2008 15:09  Current registry: 0x2102
Next registry: 0x2102
BootImage: flash bootflash:cat4000-i5k91s-mz.122-25.EWA7.bin

Contents of flash:
3/21/2008 15:09  bootflash:cat4000-i9k91s-mz.122-25.EWA4.bin	13024920	Image	0x849A6430	Deleted
3/21/2008 15:09  bootflash:cat4000-i5k91s-mz.122-25.EWA2.bin	13016716	Image	0xC7ECB8E5	Valid
3/21/2008 15:09  bootflash:cat4000-i5k91s-mz.122-25.EWA7.bin	13053148	Image	0xA1B70B67	Valid
3/21/2008 15:09  cat4000_flash:vlan.dat	10636	Unknown	0x0	Valid
3/21/2008 15:09  


3/21/2008 15:09  Device: cpk-49x-1-35
3/21/2008 15:09  Device Name: cpk-49x-1-35.ntwk.msn.net
3/21/2008 15:09  Current registry: 0x2101
Next registry: 0x2102
BootImage: flash bootflash:cat4000-i5k91s-mz.122-25.EWA7.bin

Contents of flash:
3/21/2008 15:09  bootflash:cat4000-i9k91s-mz.122-25.EWA4.bin	13024920	Image	0x849A6430	Deleted
3/21/2008 15:09  bootflash:cat4000-i5k91s-mz.122-25.EWA2.bin	13016716	Image	0xC7ECB8E5	Valid
3/21/2008 15:09  bootflash:cat4000-i5k91s-mz.122-25.EWA7.bin	13053148	Image	0xA1B70B67	Valid
3/21/2008 15:09  cat4000_flash:vlan.dat	10636	Unknown	0x0	Valid
3/21/2008 15:09  


3/21/2008 15:09  Device: cpk-49x-1-38
3/21/2008 15:09  Device Name: cpk-49x-1-38.ntwk.msn.net
3/21/2008 15:09  Current registry: 0x2101
Next registry: 0x2102
BootImage: flash bootflash:cat4000-i5k91s-mz.122-25.EWA7.bin

Contents of flash:
3/21/2008 15:09  bootflash:cat4000-i9k91s-mz.122-25.EWA4.bin	13024920	Image	0x849A6430	Deleted
3/21/2008 15:09  bootflash:cat4000-i5k91s-mz.122-25.EWA2.bin	13016716	Image	0xC7ECB8E5	Valid
3/21/2008 15:09  bootflash:cat4000-i5k91s-mz.122-25.EWA7.bin	13053148	Image	0xA1B70B67	Valid
3/21/2008 15:09  cat4000_flash:vlan.dat	10636	Unknown	0x0	Valid
3/21/2008 15:09  


3/21/2008 15:09  Device: cpk-49x-1-39
3/21/2008 15:09  Device Name: cpk-49x-1-39.ntwk.msn.net
3/21/2008 15:09  Current registry: 0x2101
Next registry: 0x2102
BootImage: flash bootflash:cat4000-i5k91s-mz.122-25.EWA7.bin

Contents of flash:
3/21/2008 15:09  bootflash:cat4000-i9k91s-mz.122-25.EWA4.bin	13024920	Image	0x849A6430	Deleted
3/21/2008 15:09  bootflash:cat4000-i5k91s-mz.122-25.EWA2.bin	13016716	Image	0xC7ECB8E5	Valid
3/21/2008 15:09  bootflash:cat4000-i5k91s-mz.122-25.EWA7.bin	13053148	Image	0xA1B70B67	Valid
3/21/2008 15:09  cat4000_flash:vlan.dat	10636	Unknown	0x0	Valid
3/21/2008 15:09  


3/21/2008 15:09  Device: cpk-49x-1-4
3/21/2008 15:09  Device Name: cpk-49x-1-4.ntwk.msn.net
3/21/2008 15:09  Current registry: 0x2101
Next registry: 0x2102
BootImage: flash bootflash:cat4000-i5k91s-mz.122-25.EWA7.bin

Contents of flash:
3/21/2008 15:09  bootflash:cat4000-i9k91s-mz.122-25.EWA4.bin	13024920	Image	0x849A6430	Deleted
3/21/2008 15:09  bootflash:cat4000-i5k91s-mz.122-25.EWA2.bin	13016716	Image	0xC7ECB8E5	Valid
3/21/2008 15:09  bootflash:cat4000-i5k91s-mz.122-25.EWA7.bin	13053148	Image	0xA1B70B67	Valid
3/21/2008 15:09  cat4000_flash:vlan.dat	1996	Unknown	0x0	Valid
3/21/2008 15:09  


3/21/2008 15:09  Device: cpk-49nb-ess-1a
3/21/2008 15:09  Device Name: cpk-49nb-ess-1a.ntwk.msn.net
3/21/2008 15:09  Current registry: 0x2101
Next registry: 0x2102
BootImage: flash bootflash:cat4000-i5k91s-mz.122-25.EWA7.bin

Contents of flash:
3/21/2008 15:09  bootflash:cat4000-i9s-mz.122-25.EWA6.bin	12531808	Image	0xB123FDC4	Deleted
3/21/2008 15:09  bootflash:cat4000-i5k91s-mz.122-25.EWA2.bin	13016716	Image	0xC7ECB8E5	Valid
3/21/2008 15:09  bootflash:cat4000-i5k91s-mz.122-25.EWA7.bin	13053148	Image	0xA1B70B67	Valid
3/21/2008 15:09  cat4000_flash:vlan.dat	856	Unknown	0x0	Valid
3/21/2008 15:09  


3/21/2008 15:09  Device: cpk-49nb-ess-1b
3/21/2008 15:09  Device Name: cpk-49nb-ess-1b.ntwk.msn.net
3/21/2008 15:09  Current registry: 0x2101
Next registry: 0x2102
BootImage: flash bootflash:cat4000-i5k91s-mz.122-25.EWA7.bin

Contents of flash:
3/21/2008 15:09  bootflash:cat4000-i9s-mz.122-25.EWA6.bin	12531808	Image	0xB123FDC4	Deleted
3/21/2008 15:09  bootflash:cat4000-i5k91s-mz.122-25.EWA2.bin	13016716	Image	0xC7ECB8E5	Valid
3/21/2008 15:09  bootflash:cat4000-i5k91s-mz.122-25.EWA7.bin	13053148	Image	0xA1B70B67	Valid
3/21/2008 15:09  cat4000_flash:vlan.dat	856	Unknown	0x0	Valid
3/21/2008 15:09  


3/21/2008 15:09  Device: cpk-49x-1-1
3/21/2008 15:09  Device Name: cpk-49x-1-1.ntwk.msn.net
3/21/2008 15:09  Current registry: 0x2101
Next registry: 0x2102
BootImage: flash bootflash:cat4000-i5k91s-mz.122-25.EWA7.bin

Contents of flash:
3/21/2008 15:09  bootflash:cat4000-i9k91s-mz.122-25.EWA4.bin	13024920	Image	0x849A6430	Deleted
3/21/2008 15:09  bootflash:cat4000-i5k91s-mz.122-25.EWA2.bin	13016716	Image	0xC7ECB8E5	Valid
3/21/2008 15:09  bootflash:cat4000-i5k91s-mz.122-25.EWA7.bin	13053148	Image	0xA1B70B67	Valid
3/21/2008 15:09  cat4000_flash:vlan.dat	1636	Unknown	0x0	Valid
3/21/2008 15:09  


3/21/2008 15:09  Device: cpk-49x-1-50
3/21/2008 15:09  Device Name: cpk-49x-1-50.ntwk.msn.net
3/21/2008 15:09  Current registry: 0x2101
Next registry: 0x2102
BootImage: flash bootflash:cat4000-i5k91s-mz.122-25.EWA7.bin

Contents of flash:
3/21/2008 15:09  bootflash:cat4000-i9k91s-mz.122-25.EWA4.bin	13024920	Image	0x849A6430	Deleted
3/21/2008 15:09  bootflash:cat4000-i5k91s-mz.122-25.EWA2.bin	13016716	Image	0xC7ECB8E5	Valid
3/21/2008 15:09  bootflash:cat4000-i5k91s-mz.122-25.EWA7.bin	13053148	Image	0xA1B70B67	Valid
3/21/2008 15:09  cat4000_flash:vlan.dat	10636	Unknown	0x0	Valid
3/21/2008 15:09  


3/21/2008 15:09  Device: cpk-49x-1-51
3/21/2008 15:09  Device Name: cpk-49x-1-51.ntwk.msn.net
3/21/2008 15:09  Current registry: 0x2101
Next registry: 0x2102
BootImage: flash bootflash:cat4000-i5k91s-mz.122-25.EWA7.bin

Contents of flash:
3/21/2008 15:09  bootflash:cat4000-i9k91s-mz.122-25.EWA4.bin	13024920	Image	0x849A6430	Deleted
3/21/2008 15:09  bootflash:cat4000-i5k91s-mz.122-25.EWA2.bin	13016716	Image	0xC7ECB8E5	Valid
3/21/2008 15:09  bootflash:cat4000-i5k91s-mz.122-25.EWA7.bin	13053148	Image	0xA1B70B67	Valid
3/21/2008 15:09  cat4000_flash:vlan.dat	10636	Unknown	0x0	Valid
3/21/2008 15:09  


3/21/2008 15:09  Device: cpk-49x-1-52
3/21/2008 15:09  Device Name: cpk-49x-1-52.ntwk.msn.net
3/21/2008 15:09  Current registry: 0x2101
Next registry: 0x2102
BootImage: flash bootflash:cat4000-i5k91s-mz.122-25.EWA7.bin

Contents of flash:
3/21/2008 15:09  bootflash:cat4000-i9k91s-mz.122-25.EWA4.bin	13024920	Image	0x849A6430	Deleted
3/21/2008 15:09  bootflash:cat4000-i5k91s-mz.122-25.EWA2.bin	13016716	Image	0xC7ECB8E5	Valid
3/21/2008 15:09  bootflash:cat4000-i5k91s-mz.122-25.EWA7.bin	13053148	Image	0xA1B70B67	Valid
3/21/2008 15:09  cat4000_flash:vlan.dat	10636	Unknown	0x0	Valid
3/21/2008 15:09  


3/21/2008 15:09  Device: cpk-49x-1-53
3/21/2008 15:09  Device Name: cpk-49x-1-53.ntwk.msn.net
3/21/2008 15:09  Current registry: 0x2101
Next registry: 0x2102
BootImage: flash bootflash:cat4000-i5k91s-mz.122-25.EWA7.bin

Contents of flash:
3/21/2008 15:09  bootflash:cat4000-i9k91s-mz.122-25.EWA4.bin	13024920	Image	0x849A6430	Deleted
3/21/2008 15:09  bootflash:cat4000-i5k91s-mz.122-25.EWA2.bin	13016716	Image	0xC7ECB8E5	Valid
3/21/2008 15:09  bootflash:cat4000-i5k91s-mz.122-25.EWA7.bin	13053148	Image	0xA1B70B67	Valid
3/21/2008 15:09  cat4000_flash:vlan.dat	10636	Unknown	0x0	Valid
3/21/2008 15:09  


3/21/2008 15:09  Device: cpk-49x-1-54
3/21/2008 15:09  Device Name: cpk-49x-1-54.ntwk.msn.net
3/21/2008 15:09  Current registry: 0x2101
Next registry: 0x2102
BootImage: flash bootflash:cat4000-i5k91s-mz.122-25.EWA7.bin

Contents of flash:
3/21/2008 15:09  bootflash:cat4000-i9k91s-mz.122-25.EWA4.bin	13024920	Image	0x849A6430	Deleted
3/21/2008 15:09  bootflash:cat4000-i5k91s-mz.122-25.EWA2.bin	13016716	Image	0xC7ECB8E5	Valid
3/21/2008 15:09  bootflash:cat4000-i5k91s-mz.122-25.EWA7.bin	13053148	Image	0xA1B70B67	Valid
3/21/2008 15:09  cat4000_flash:vlan.dat	10636	Unknown	0x0	Valid
3/21/2008 15:09  


3/21/2008 15:09  Device: cpk-49x-1-55
3/21/2008 15:09  Device Name: cpk-49x-1-55.ntwk.msn.net
3/21/2008 15:09  Current registry: 0x2101
Next registry: 0x2102
BootImage: flash bootflash:cat4000-i5k91s-mz.122-25.EWA7.bin

Contents of flash:
3/21/2008 15:09  bootflash:cat4000-i9k91s-mz.122-25.EWA4.bin	13024920	Image	0x849A6430	Deleted
3/21/2008 15:09  bootflash:cat4000-i5k91s-mz.122-25.EWA2.bin	13016716	Image	0xC7ECB8E5	Valid
3/21/2008 15:09  bootflash:cat4000-i5k91s-mz.122-25.EWA7.bin	13053148	Image	0xA1B70B67	Valid
3/21/2008 15:09  cat4000_flash:vlan.dat	10636	Unknown	0x0	Valid
3/21/2008 15:09  


3/21/2008 15:09  Device: cpk-49x-1-56
3/21/2008 15:09  Device Name: cpk-49x-1-56.ntwk.msn.net
3/21/2008 15:09  Current registry: 0x2102
Next registry: 0x2102
BootImage: flash bootflash:cat4000-i5k91s-mz.122-25.EWA7.bin

Contents of flash:
3/21/2008 15:09  bootflash:cat4000-i9k91s-mz.122-25.EWA4.bin	13024920	Image	0x849A6430	Valid
3/21/2008 15:09  bootflash:images\cat4000-i5k91s-mz.122-25.EWA2.bin	13016716	Image	0xC7ECB8E5	Deleted
3/21/2008 15:09  bootflash:cat4000-i5k91s-mz.122-25.EWA2.bin	13016716	Image	0xC7ECB8E5	Valid
3/21/2008 15:09  bootflash:cat4000-i5k91s-mz.122-25.EWA7.bin	13053148	Image	0xA1B70B67	Valid
3/21/2008 15:09  cat4000_flash:vlan.dat	10636	Unknown	0x0	Valid
3/21/2008 15:09  


3/21/2008 15:09  Device: cpk-49x-1-57
3/21/2008 15:09  Device Name: cpk-49x-1-57.ntwk.msn.net
3/21/2008 15:09  Current registry: 0x2101
Next registry: 0x2102
BootImage: flash bootflash:cat4000-i5k91s-mz.122-25.EWA7.bin

Contents of flash:
3/21/2008 15:09  bootflash:cat4000-i9k91s-mz.122-25.EWA4.bin	13024920	Image	0x849A6430	Deleted
3/21/2008 15:09  bootflash:cat4000-i5k91s-mz.122-25.EWA2.bin	12189696	Unknown	0xFA551F1E	Deleted
3/21/2008 15:09  bootflash:cat4000-i5k91s-mz.122-25.EWA2.bin	13016716	Image	0xC7ECB8E5	Valid
3/21/2008 15:09  bootflash:cat4000-i5k91s-mz.122-25.EWA7.bin	13053148	Image	0xA1B70B67	Valid
3/21/2008 15:09  cat4000_flash:vlan.dat	10696	Unknown	0x0	Valid
3/21/2008 15:09  


3/21/2008 15:09  Device: cpk-49x-1-58
3/21/2008 15:09  Device Name: cpk-49x-1-58.ntwk.msn.net
3/21/2008 15:09  Current registry: 0x2101
Next registry: 0x2102
BootImage: flash bootflash:cat4000-i5k91s-mz.122-25.EWA7.bin

Contents of flash:
3/21/2008 15:09  bootflash:cat4000-i9k91s-mz.122-25.EWA4.bin	13024920	Image	0x849A6430	Deleted
3/21/2008 15:09  bootflash:cat4000-i5k91s-mz.122-25.EWA2.bin	13016716	Image	0xC7ECB8E5	Valid
3/21/2008 15:09  bootflash:cat4000-i5k91s-mz.122-25.EWA7.bin	13053148	Image	0xA1B70B67	Valid
3/21/2008 15:09  cat4000_flash:vlan.dat	10636	Unknown	0x0	Valid
3/21/2008 15:09  


3/21/2008 15:09  Device: cpk-49x-1-59
3/21/2008 15:09  Device Name: cpk-49x-1-59.ntwk.msn.net
3/21/2008 15:09  Current registry: 0x2101
Next registry: 0x2102
BootImage: flash bootflash:cat4000-i5k91s-mz.122-25.EWA7.bin

Contents of flash:
3/21/2008 15:09  bootflash:cat4000-i9k91s-mz.122-25.EWA4.bin	13024920	Image	0x849A6430	Deleted
3/21/2008 15:09  bootflash:post-2006.08.15.09.02.04-failed.txt	1458	Unknown	0xFFBBACF2	Valid
3/21/2008 15:09  bootflash:post-2006.10.18.12.13.50-passed.txt	1458	Unknown	0x1369D4C3	Valid
3/21/2008 15:09  bootflash:cat4000-i5k91s-mz.122-25.EWA2.bin	13016716	Image	0xC7ECB8E5	Valid
3/21/2008 15:09  bootflash:cat4000-i5k91s-mz.122-25.EWA7.bin	13053148	Image	0xA1B70B67	Valid
3/21/2008 15:09  cat4000_flash:vlan.dat	10636	Unknown	0x0	Valid
3/21/2008 15:09  


3/21/2008 15:09  Device: cpk-49x-1-13
3/21/2008 15:09  Device Name: cpk-49x-1-13.ntwk.msn.net
3/21/2008 15:09  Current registry: 0x2101
Next registry: 0x2102
BootImage: flash bootflash:cat4000-i5k91s-mz.122-25.EWA7.bin

Contents of flash:
3/21/2008 15:09  bootflash:cat4000-i9k91s-mz.122-25.EWA4.bin	13024920	Image	0x849A6430	Deleted
3/21/2008 15:09  bootflash:cat4000-i5k91s-mz.122-25.EWA2.bin	13016716	Image	0xC7ECB8E5	Valid
3/21/2008 15:09  bootflash:cat4000-i5k91s-mz.122-25.EWA7.bin	13053148	Image	0xA1B70B67	Valid
3/21/2008 15:09  cat4000_flash:vlan.dat	10696	Unknown	0x0	Valid
3/21/2008 15:09  


3/21/2008 15:09  Device: cpk-49x-1-14
3/21/2008 15:09  Device Name: cpk-49x-1-14.ntwk.msn.net
3/21/2008 15:09  Current registry: 0x2101
Next registry: 0x2102
BootImage: flash bootflash:cat4000-i5k91s-mz.122-25.EWA7.bin

Contents of flash:
3/21/2008 15:09  bootflash:cat4000-i9k91s-mz.122-25.EWA4.bin	13024920	Image	0x849A6430	Deleted
3/21/2008 15:09  bootflash:cat4000-i5k91s-mz.122-25.EWA2.bin	13016716	Image	0xC7ECB8E5	Valid
3/21/2008 15:09  bootflash:cat4000-i5k91s-mz.122-25.EWA7.bin	13053148	Image	0xA1B70B67	Valid
3/21/2008 15:09  cat4000_flash:vlan.dat	10696	Unknown	0x0	Valid
3/21/2008 15:09  


3/21/2008 15:09  Device: cpk-49x-1-15
3/21/2008 15:09  Device Name: cpk-49x-1-15.ntwk.msn.net
3/21/2008 15:09  Current registry: 0x2101
Next registry: 0x2102
BootImage: flash bootflash:cat4000-i5k91s-mz.122-25.EWA7.bin

Contents of flash:
3/21/2008 15:09  bootflash:cat4000-i9k91s-mz.122-25.EWA4.bin	13024920	Image	0x849A6430	Deleted
3/21/2008 15:09  bootflash:cat4000-i5k91s-mz.122-25.EWA2.bin	13016716	Image	0xC7ECB8E5	Valid
3/21/2008 15:09  bootflash:cat4000-i5k91s-mz.122-25.EWA7.bin	13053148	Image	0xA1B70B67	Valid
3/21/2008 15:09  cat4000_flash:vlan.dat	10756	Unknown	0x0	Valid
3/21/2008 15:09  


3/21/2008 15:09  Device: cpk-49x-1-16
3/21/2008 15:09  Device Name: cpk-49x-1-16.ntwk.msn.net
3/21/2008 15:09  Current registry: 0x2101
Next registry: 0x2102
BootImage: flash bootflash:cat4000-i5k91s-mz.122-25.EWA7.bin

Contents of flash:
3/21/2008 15:09  bootflash:cat4000-i9k91s-mz.122-25.EWA4.bin	13024920	Image	0x849A6430	Deleted
3/21/2008 15:09  bootflash:cat4000-i5k91s-mz.122-25.EWA2.bin	13016716	Image	0xC7ECB8E5	Valid
3/21/2008 15:09  bootflash:cat4000-i5k91s-mz.122-25.EWA7.bin	13053148	Image	0xA1B70B67	Valid
3/21/2008 15:09  cat4000_flash:vlan.dat	10696	Unknown	0x0	Valid
3/21/2008 15:09  


3/21/2008 15:09  Device: cpk-49x-1-18
3/21/2008 15:09  Device Name: cpk-49x-1-18.ntwk.msn.net
3/21/2008 15:09  Current registry: 0x2101
Next registry: 0x2102
BootImage: flash bootflash:cat4000-i5k91s-mz.122-25.EWA7.bin

Contents of flash:
3/21/2008 15:09  bootflash:cat4000-i9k91s-mz.122-25.EWA4.bin	13024920	Image	0x849A6430	Deleted
3/21/2008 15:09  bootflash:cat4000-i5k91s-mz.122-25.EWA2.bin	13016716	Image	0xC7ECB8E5	Valid
3/21/2008 15:09  bootflash:cat4000-i5k91s-mz.122-25.EWA7.bin	13053148	Image	0xA1B70B67	Valid
3/21/2008 15:09  cat4000_flash:vlan.dat	10696	Unknown	0x0	Valid
3/21/2008 15:09  


3/21/2008 15:09  Device: cpk-49x-1-19
3/21/2008 15:09  Device Name: cpk-49x-1-19.ntwk.msn.net
3/21/2008 15:09  Current registry: 0x2101
Next registry: 0x2102
BootImage: flash bootflash:cat4000-i5k91s-mz.122-25.EWA7.bin

Contents of flash:
3/21/2008 15:09  bootflash:cat4000-i9k91s-mz.122-25.EWA4.bin	13024920	Image	0x849A6430	Deleted
3/21/2008 15:09  bootflash:cat4000-i5k91s-mz.122-25.EWA2.bin	13016716	Image	0xC7ECB8E5	Valid
3/21/2008 15:09  bootflash:cat4000-i5k91s-mz.122-25.EWA7.bin	13053148	Image	0xA1B70B67	Valid
3/21/2008 15:09  cat4000_flash:vlan.dat	10696	Unknown	0x0	Valid
3/21/2008 15:09  


3/21/2008 15:09  Device: cpk-49x-1-2
3/21/2008 15:09  Device Name: cpk-49x-1-2.ntwk.msn.net
3/21/2008 15:09  Current registry: 0x2101
Next registry: 0x2102
BootImage: flash bootflash:cat4000-i5k91s-mz.122-25.EWA7.bin

Contents of flash:
3/21/2008 15:09  bootflash:cat4000-i9k91s-mz.122-25.EWA4.bin	13024920	Image	0x849A6430	Deleted
3/21/2008 15:09  bootflash:cat4000-i5k91s-mz.122-25.EWA2.bin	13016716	Image	0xC7ECB8E5	Valid
3/21/2008 15:09  bootflash:cat4000-i5k91s-mz.122-25.EWA7.bin	13053148	Image	0xA1B70B67	Valid
3/21/2008 15:09  cat4000_flash:vlan.dat	1636	Unknown	0x0	Valid
3/21/2008 15:09  


3/21/2008 15:09  Device: cpk-49x-1-20
3/21/2008 15:09  Device Name: cpk-49x-1-20.ntwk.msn.net
3/21/2008 15:09  Current registry: 0x2101
Next registry: 0x2102
BootImage: flash bootflash:cat4000-i5k91s-mz.122-25.EWA7.bin

Contents of flash:
3/21/2008 15:09  bootflash:cat4000-i9k91s-mz.122-25.EWA4.bin	13024920	Image	0x849A6430	Deleted
3/21/2008 15:09  bootflash:cat4000-i5k91s-mz.122-25.EWA2.bin	13016716	Image	0xC7ECB8E5	Valid
3/21/2008 15:09  bootflash:cat4000-i5k91s-mz.122-25.EWA7.bin	13053148	Image	0xA1B70B67	Valid
3/21/2008 15:09  cat4000_flash:vlan.dat	10696	Unknown	0x0	Valid
3/21/2008 15:09  


3/21/2008 15:09  Device: cpk-49x-1-21
3/21/2008 15:09  Device Name: cpk-49x-1-21.ntwk.msn.net
3/21/2008 15:09  Current registry: 0x2101
Next registry: 0x2102
BootImage: flash bootflash:cat4000-i5k91s-mz.122-25.EWA7.bin

Contents of flash:
3/21/2008 15:09  bootflash:cat4000-i9k91s-mz.122-25.EWA4.bin	13024920	Image	0x849A6430	Deleted
3/21/2008 15:09  bootflash:cat4000-i5k91s-mz.122-25.EWA2.bin	13016716	Image	0xC7ECB8E5	Valid
3/21/2008 15:09  bootflash:cat4000-i5k91s-mz.122-25.EWA7.bin	13053148	Image	0xA1B70B67	Valid
3/21/2008 15:09  cat4000_flash:vlan.dat	10696	Unknown	0x0	Valid
3/21/2008 15:09  


3/21/2008 15:09  Device: bl2-49x-hot-114-08
3/21/2008 15:09  Device Name: bl2-49x-hot-114-08.ntwk.msn.net
3/21/2008 15:10  Current registry: 0x0101
Next registry: 0x2102
BootImage: flash bootflash:cat4000-i5k91s-mz.122-25.EWA7.bin

Contents of flash:
3/21/2008 15:10  bootflash:cat4000-i9s-mz.122-25.EWA8.bin	12535060	Image	0x165C41B7	Deleted
3/21/2008 15:10  bootflash:cat4000-i5k91s-mz.122-25.EWA2.bin	13016716	Image	0xC7ECB8E5	Valid
3/21/2008 15:10  bootflash:cat4000-i5k91s-mz.122-25.EWA7.bin	1048576	Unknown	0xE7572C2B	Deleted
3/21/2008 15:10  bootflash:cat4000-i5k91s-mz.122-25.EWA7.bin	13053148	Image	0xA1B70B67	Valid
3/21/2008 15:10  cat4000_flash:vlan.dat	976	Unknown	0x0	Valid
3/21/2008 15:10  


3/21/2008 15:10  Device: bay-49nf-bulk-mcs-1a
3/21/2008 15:10  Device Name: bay-49nf-bulk-mcs-1a.ntwk.msn.net
3/21/2008 15:10  Current registry: 0x2101
Next registry: 0x2101
BootImage: flash bootflash:cat4000-i5k91s-mz.122-25.EWA7.bin

Contents of flash:
3/21/2008 15:10  bootflash:cat4000-i5k91s-mz.122-25.EWA7	13053148	Image	0xA1B70B67	Deleted
3/21/2008 15:10  bootflash:cat4000-i5k91s-mz.122-25.EWA2.bin	13016716	Image	0xC7ECB8E5	Valid
3/21/2008 15:10  bootflash:cat4000-i5k91s-mz.122-25.EWA7.bin	13053148	Image	0xA1B70B67	Valid
3/21/2008 15:10  cat4000_flash:vlan.dat	796	Unknown	0x0	Valid
3/21/2008 15:10  


3/21/2008 15:10  Device: bay-49nf-bulk-mcs-1b
3/21/2008 15:10  Device Name: bay-49nf-bulk-mcs-1b.ntwk.msn.net
3/21/2008 15:10  Current registry: 0x2101
Next registry: 0x2101
BootImage: flash bootflash:cat4000-i5k91s-mz.122-25.EWA7.bin

Contents of flash:
3/21/2008 15:10  bootflash:cat4000-i5k91s-mz.122-25.EWA7	13053148	Image	0xA1B70B67	Deleted
3/21/2008 15:10  bootflash:cat4000-i5k91s-mz.122-25.EWA2.bin	13016716	Image	0xC7ECB8E5	Valid
3/21/2008 15:10  bootflash:cat4000-i5k91s-mz.122-25.EWA7.bin	13053148	Image	0xA1B70B67	Valid
3/21/2008 15:10  cat4000_flash:vlan.dat	796	Unknown	0x0	Valid
3/21/2008 15:10  


3/21/2008 15:10  Device: blu-49b-btd-2
3/21/2008 15:10  Device Name: blu-49b-btd-2.ntwk.msn.net
3/21/2008 15:10  Current registry: 0x2102
Next registry: 0x2102
BootImage: flash bootflash:cat4000-i5k91s-mz.122-25.EWA7.bin

Contents of flash:
3/21/2008 15:10  bootflash:cat4000-i5k91s-mz.122-25.EWA2.bin	13016716	Image	0xC7ECB8E5	Valid
3/21/2008 15:10  bootflash:cat4000-i5k91s-mz.122-25.EWA7.bin	13053148	Image	0xA1B70B67	Valid
3/21/2008 15:10  cat4000_flash:vlan.dat	976	Unknown	0x0	Valid
3/21/2008 15:10  


3/21/2008 15:10  Device: blu-49b-btd-3
3/21/2008 15:10  Device Name: blu-49b-btd-3.ntwk.msn.net
3/21/2008 15:10  Current registry: 0x2102
Next registry: 0x2102
BootImage: flash bootflash:cat4000-i5k91s-mz.122-25.EWA7.bin

Contents of flash:
3/21/2008 15:10  bootflash:cat4000-i5k91s-mz.122-25.EWA2.bin	13016716	Image	0xC7ECB8E5	Valid
3/21/2008 15:10  bootflash:cat4000-i5k91s-mz.122-25.EWA7.bin	13053148	Image	0xA1B70B67	Valid
3/21/2008 15:10  cat4000_flash:vlan.dat	976	Unknown	0x0	Valid
3/21/2008 15:10  


3/21/2008 15:10  Device: blu-49b-btd-4
3/21/2008 15:10  Device Name: blu-49b-btd-4.ntwk.msn.net
3/21/2008 15:10  Current registry: 0x2102
Next registry: 0x2102
BootImage: flash bootflash:cat4000-i5k91s-mz.122-25.EWA7.bin

Contents of flash:
3/21/2008 15:10  bootflash:cat4000-i5k91s-mz.122-25.EWA2.bin	13016716	Image	0xC7ECB8E5	Valid
3/21/2008 15:10  bootflash:cat4000-i5k91s-mz.122-25.EWA7.bin	13053148	Image	0xA1B70B67	Valid
3/21/2008 15:10  cat4000_flash:vlan.dat	976	Unknown	0x0	Valid
3/21/2008 15:10  


3/21/2008 15:10  Device: blu-49b-btd-5
3/21/2008 15:10  Device Name: blu-49b-btd-5.ntwk.msn.net
3/21/2008 15:10  Current registry: 0x2102
Next registry: 0x2102
BootImage: flash bootflash:cat4000-i5k91s-mz.122-25.EWA7.bin

Contents of flash:
3/21/2008 15:10  bootflash:cat4000-i5k91s-mz.122-25.EWA2.bin	13016716	Image	0xC7ECB8E5	Valid
3/21/2008 15:10  bootflash:cat4000-i5k91s-mz.122-25.EWA7.bin	13053148	Image	0xA1B70B67	Valid
3/21/2008 15:10  cat4000_flash:vlan.dat	976	Unknown	0x0	Valid
3/21/2008 15:10  


3/21/2008 15:10  Device: blu-49b-btd-6
3/21/2008 15:10  Device Name: blu-49b-btd-6.ntwk.msn.net
3/21/2008 15:10  Current registry: 0x2102
Next registry: 0x2102
BootImage: flash bootflash:cat4000-i5k91s-mz.122-25.EWA7.bin

Contents of flash:
3/21/2008 15:10  bootflash:cat4000-i5k91s-mz.122-25.EWA2.bin	13016716	Image	0xC7ECB8E5	Valid
3/21/2008 15:10  bootflash:cat4000-i5k91s-mz.122-25.EWA7.bin	13053148	Image	0xA1B70B67	Valid
3/21/2008 15:10  cat4000_flash:vlan.dat	976	Unknown	0x0	Valid
3/21/2008 15:10  


3/21/2008 15:10  Device: blu-49b-btd-7
3/21/2008 15:10  Device Name: blu-49b-btd-7.ntwk.msn.net
3/21/2008 15:10  Current registry: 0x2102
Next registry: 0x2102
BootImage: flash bootflash:cat4000-i5k91s-mz.122-25.EWA7.bin

Contents of flash:
3/21/2008 15:10  bootflash:cat4000-i5k91s-mz.122-25.EWA2.bin	13016716	Image	0xC7ECB8E5	Valid
3/21/2008 15:10  bootflash:cat4000-i5k91s-mz.122-25.EWA7.bin	13053148	Image	0xA1B70B67	Valid
3/21/2008 15:10  cat4000_flash:vlan.dat	976	Unknown	0x0	Valid
3/21/2008 15:10  


3/21/2008 15:10  Device: blu-49b-btd-8
3/21/2008 15:10  Device Name: blu-49b-btd-8.ntwk.msn.net
3/21/2008 15:10  Current registry: 0x2102
Next registry: 0x2102
BootImage: flash bootflash:cat4000-i5k91s-mz.122-25.EWA7.bin

Contents of flash:
3/21/2008 15:10  bootflash:cat4000-i5k91s-mz.122-25.EWA2.bin	13016716	Image	0xC7ECB8E5	Valid
3/21/2008 15:10  bootflash:cat4000-i5k91s-mz.122-25.EWA7.bin	13053148	Image	0xA1B70B67	Valid
3/21/2008 15:10  cat4000_flash:vlan.dat	976	Unknown	0x0	Valid
3/21/2008 15:10  


3/21/2008 15:10  Device: blu-49b-btd-9
3/21/2008 15:10  Device Name: blu-49b-btd-9.ntwk.msn.net
3/21/2008 15:10  Current registry: 0x2102
Next registry: 0x2102
BootImage: flash bootflash:cat4000-i5k91s-mz.122-25.EWA7.bin

Contents of flash:
3/21/2008 15:10  bootflash:cat4000-i5k91s-mz.122-25.EWA2.bin	13016716	Image	0xC7ECB8E5	Valid
3/21/2008 15:10  bootflash:cat4000-i5k91s-mz.122-25.EWA7.bin	13053148	Image	0xA1B70B67	Valid
3/21/2008 15:10  cat4000_flash:vlan.dat	976	Unknown	0x0	Valid
3/21/2008 15:10  


3/21/2008 15:10  Device: blu-49b-str-1-01
3/21/2008 15:10  Device Name: blu-49b-str-1-01.ntwk.msn.net
3/21/2008 15:10  Current registry: 0x0101
Next registry: 0x2102
BootImage: flash bootflash:cat4000-i5k91s-mz.122-25.EWA7.bin

Contents of flash:
3/21/2008 15:10  bootflash:cat4000-i5k91s-mz.122-25.EWA2.bin	13016716	Image	0xC7ECB8E5	Valid
3/21/2008 15:10  bootflash:cat4000-i5k91s-mz.122-25.EWA7.bin	13053148	Image	0xA1B70B67	Valid
3/21/2008 15:10  cat4000_flash:vlan.dat	916	Unknown	0x0	Valid
3/21/2008 15:10  


3/21/2008 15:10  Device: blu-49b-str-1-02
3/21/2008 15:10  Device Name: blu-49b-str-1-02.ntwk.msn.net
3/21/2008 15:10  Current registry: 0x0101
Next registry: 0x2102
BootImage: flash bootflash:cat4000-i5k91s-mz.122-25.EWA7.bin

Contents of flash:
3/21/2008 15:10  bootflash:cat4000-i9s-mz.122-25.EWA6.bin	12531808	Image	0xB123FDC4	Deleted
3/21/2008 15:10  bootflash:cat4000-i5k91s-mz.122-25.EWA2.bin	196608	Unknown	0x85D701B	Deleted
3/21/2008 15:10  bootflash:cat4000-i5k91s-mz.122-25.EWA2.bin	13016716	Image	0xC7ECB8E5	Valid
3/21/2008 15:10  bootflash:cat4000-i5k91s-mz.122-25.EWA7.bin	13053148	Image	0xA1B70B67	Valid
3/21/2008 15:10  cat4000_flash:vlan.dat	916	Unknown	0x0	Valid
3/21/2008 15:10  


3/21/2008 15:10  Device: blu-49b-str-1-03
3/21/2008 15:10  Device Name: blu-49b-str-1-03.ntwk.msn.net
3/21/2008 15:10  Current registry: 0x2101
Next registry: 0x2102
BootImage: flash bootflash:cat4000-i5k91s-mz.122-25.EWA7.bin

Contents of flash:
3/21/2008 15:11  bootflash:cat4000-i9s-mz.122-25.EWA6.bin	12531808	Image	0xB123FDC4	Deleted
3/21/2008 15:11  bootflash:cat4000-i5k91s-mz.122-25.EWA2.bin	13016716	Image	0xC7ECB8E5	Valid
3/21/2008 15:11  bootflash:cat4000-i5k91s-mz.122-25.EWA7.bin	13053148	Image	0xA1B70B67	Valid
3/21/2008 15:11  cat4000_flash:vlan.dat	916	Unknown	0x0	Valid
3/21/2008 15:11  


3/21/2008 15:11  Device: blu-49b-str-1-07
3/21/2008 15:11  Device Name: blu-49b-str-1-07.ntwk.msn.net
3/21/2008 15:11  Current registry: 0x0101
Next registry: 0x2102
BootImage: flash bootflash:cat4000-i5k91s-mz.122-25.EWA7.bin

Contents of flash:
3/21/2008 15:11  bootflash:cat4000-i9s-mz.122-25.EWA6.bin	12531808	Image	0xB123FDC4	Deleted
3/21/2008 15:11  bootflash:cat4000-i5k91s-mz.122-25.EWA2.bin	13016716	Image	0xC7ECB8E5	Valid
3/21/2008 15:11  bootflash:cat4000-i5k91s-mz.122-25.EWA7.bin	12058624	Unknown	0xAC440912	Deleted
3/21/2008 15:11  bootflash:cat4000-i5k91s-mz.122-25.EWA7.bin	13053148	Image	0xA1B70B67	Valid
3/21/2008 15:11  cat4000_flash:vlan.dat	916	Unknown	0x0	Valid
3/21/2008 15:11  


3/21/2008 15:11  Device: by2-49x-idss-2-52
3/21/2008 15:11  Device Name: by2-49x-idss-2-52.ntwk.msn.net
3/21/2008 15:11  Current registry: 0x2101
Next registry: 0x2102
BootImage: flash bootflash:cat4000-i5k91s-mz.122-25.EWA7.bin

Contents of flash:
3/21/2008 15:11  bootflash:cat4000-i9s-mz.122-25.EWA7.bin	12535560	Image	0x86AD163A	Deleted
3/21/2008 15:11  bootflash:cat4000-i5k91s-mz.122-25.EWA2.bin	13016716	Image	0xC7ECB8E5	Deleted
3/21/2008 15:11  bootflash:cat4000-i5k91s-mz.122-25.EWA2.bin	13016716	Image	0xC7ECB8E5	Valid
3/21/2008 15:11  bootflash:cat4000-i5k91s-mz.122-25.EWA7.bin	13053148	Image	0xA1B70B67	Valid
3/21/2008 15:11  cat4000_flash:vlan.dat	2716	Unknown	0x0	Valid
3/21/2008 15:11  


3/21/2008 15:11  Device: blu-49b-str-1-10
3/21/2008 15:11  Device Name: blu-49b-str-1-10.ntwk.msn.net
3/21/2008 15:11  Current registry: 0x0101
Next registry: 0x2102
BootImage: flash bootflash:cat4000-i5k91s-mz.122-25.EWA7.bin

Contents of flash:
3/21/2008 15:11  bootflash:cat4000-i9s-mz.122-25.EWA6.bin	12531808	Image	0xB123FDC4	Deleted
3/21/2008 15:11  bootflash:cat4000-i5k91s-mz.122-25.EWA2.bin	13016716	Image	0xC7ECB8E5	Valid
3/21/2008 15:11  bootflash:cat4000-i5k91s-mz.122-25.EWA7.bin	13053148	Image	0xA1B70B67	Valid
3/21/2008 15:11  cat4000_flash:vlan.dat	916	Unknown	0x0	Valid
3/21/2008 15:11  


3/21/2008 15:11  Device: blu-49b-str-1-14
3/21/2008 15:11  Device Name: blu-49b-str-1-14.ntwk.msn.net
3/21/2008 15:11  Current registry: 0x2102
Next registry: 0x2102
BootImage: flash bootflash:cat4000-i5k91s-mz.122-25.EWA7.bin

Contents of flash:
3/21/2008 15:11  bootflash:cat4000-i5k91s-mz.122-25.EWA7.bin	13053148	Image	0xA1B70B67	Valid
3/21/2008 15:11  cat4000_flash:vlan.dat	916	Unknown	0x0	Valid
3/21/2008 15:11  


3/21/2008 15:11  Device: blu-49b-str-1-15
3/21/2008 15:11  Device Name: blu-49b-str-1-15.ntwk.msn.net
3/21/2008 15:11  Current registry: 0x0101
Next registry: 0x2102
BootImage: flash bootflash:cat4000-i5k91s-mz.122-25.EWA7.bin

Contents of flash:
3/21/2008 15:11  bootflash:cat4000-i9s-mz.122-25.EWA6.bin	12531808	Image	0xB123FDC4	Deleted
3/21/2008 15:11  bootflash:cat4000-i5k91s-mz.122-25.EWA2.bin	13016716	Image	0xC7ECB8E5	Valid
3/21/2008 15:11  bootflash:cat4000-i5k91s-mz.122-25.EWA7.bin	13053148	Image	0xA1B70B67	Valid
3/21/2008 15:11  cat4000_flash:vlan.dat	916	Unknown	0x0	Valid
3/21/2008 15:11  


3/21/2008 15:11  Device: blu-49b-str-1-16
3/21/2008 15:11  Device Name: blu-49b-str-1-16.ntwk.msn.net
3/21/2008 15:11  Current registry: 0x0101
Next registry: 0x2102
BootImage: flash bootflash:cat4000-i5k91s-mz.122-25.EWA7.bin

Contents of flash:
3/21/2008 15:11  bootflash:cat4000-i9s-mz.122-25.EWA6.bin	12531808	Image	0xB123FDC4	Deleted
3/21/2008 15:11  bootflash:cat4000-i5k91s-mz.122-25.EWA2.bin	13016716	Image	0xC7ECB8E5	Valid
3/21/2008 15:11  bootflash:cat4000-i5k91s-mz.122-25.EWA7.bin	13053148	Image	0xA1B70B67	Valid
3/21/2008 15:11  cat4000_flash:vlan.dat	976	Unknown	0x0	Valid
3/21/2008 15:11  


3/21/2008 15:11  Device: blu-49x-2-11
3/21/2008 15:11  Device Name: blu-49x-2-11.ntwk.msn.net
3/21/2008 15:11  Current registry: 0x2102
Next registry: 0x2102
BootImage: flash bootflash:cat4000-i5k91s-mz.122-25.EWA7.bin

Contents of flash:
3/21/2008 15:11  bootflash:cat4000-i5k91s-mz.122-25.EWA2.bin	13016716	Image	0xC7ECB8E5	Valid
3/21/2008 15:11  bootflash:cat4000-i5k91s-mz.122-25.EWA7.bin	13053148	Image	0xA1B70B67	Valid
3/21/2008 15:11  cat4000_flash:vlan.dat	916	Unknown	0x0	Valid
3/21/2008 15:11  


3/21/2008 15:11  Device: bay-49x-msgr-4
3/21/2008 15:11  Device Name: bay-49x-msgr-4.ntwk.msn.net
3/21/2008 15:11  Current registry: 0x2102
Next registry: 0x2102
BootImage: flash bootflash:cat4000-i5k91s-mz.122-25.EWA7.bin

Contents of flash:
3/21/2008 15:11  bootflash:cat4000-i5k91s-mz.122-25.EWA2.bin	13016716	Image	0xC7ECB8E5	Valid
3/21/2008 15:11  bootflash:cat4000-i5k91s-mz.122-25.EWA7.bin	13053148	Image	0xA1B70B67	Valid
3/21/2008 15:11  cat4000_flash:vlan.dat	1456	Unknown	0x0	Valid
3/21/2008 15:11  


3/21/2008 15:11  Device: bay-49x-msgr-5
3/21/2008 15:11  Device Name: bay-49x-msgr-5.ntwk.msn.net
3/21/2008 15:11  Current registry: 0x2102
Next registry: 0x2102
BootImage: flash bootflash:cat4000-i5k91s-mz.122-25.EWA7.bin

Contents of flash:
3/21/2008 15:11  bootflash:cat4000-i5k91s-mz.122-25.EWA2.bin	13016716	Image	0xC7ECB8E5	Valid
3/21/2008 15:11  bootflash:cat4000-i5k91s-mz.122-25.EWA7.bin	13053148	Image	0xA1B70B67	Valid
3/21/2008 15:11  cat4000_flash:vlan.dat	1456	Unknown	0x0	Valid
3/21/2008 15:11  


3/21/2008 15:11  Device: bay-49x-msgr-7
3/21/2008 15:11  Device Name: bay-49x-msgr-7.ntwk.msn.net
3/21/2008 15:11  Current registry: 0x2102
Next registry: 0x2102
BootImage: flash bootflash:cat4000-i5k91s-mz.122-25.EWA7.bin

Contents of flash:
3/21/2008 15:11  bootflash:cat4000-i5k91s-mz.122-25.EWA2.bin	13016716	Image	0xC7ECB8E5	Valid
3/21/2008 15:11  bootflash:cat4000-i5k91s-mz.122-25.EWA7.bin	13053148	Image	0xA1B70B67	Valid
3/21/2008 15:11  cat4000_flash:vlan.dat	1456	Unknown	0x0	Valid
3/21/2008 15:11  


3/21/2008 15:11  Device: bay-49x-msgr-8
3/21/2008 15:11  Device Name: bay-49x-msgr-8.ntwk.msn.net
3/21/2008 15:11  Current registry: 0x2102
Next registry: 0x2102
BootImage: flash bootflash:cat4000-i5k91s-mz.122-25.EWA7.bin

Contents of flash:
3/21/2008 15:11  bootflash:cat4000-i5k91s-mz.122-25.EWA2.bin	13016716	Image	0xC7ECB8E5	Valid
3/21/2008 15:11  bootflash:cat4000-i5k91s-mz.122-25.EWA7.bin	13053148	Image	0xA1B70B67	Valid
3/21/2008 15:11  cat4000_flash:vlan.dat	1456	Unknown	0x0	Valid
3/21/2008 15:11  


3/21/2008 15:11  Device: bay-49x-msgr-9
3/21/2008 15:11  Device Name: bay-49x-msgr-9.ntwk.msn.net
3/21/2008 15:11  Current registry: 0x2102
Next registry: 0x2102
BootImage: flash bootflash:cat4000-i5k91s-mz.122-25.EWA7.bin

Contents of flash:
3/21/2008 15:11  bootflash:cat4000-i5k91s-mz.122-25.EWA2.bin	13016716	Image	0xC7ECB8E5	Valid
3/21/2008 15:11  bootflash:cat4000-i5k91s-mz.122-25.EWA7.bin	13053148	Image	0xA1B70B67	Valid
3/21/2008 15:11  cat4000_flash:vlan.dat	1456	Unknown	0x0	Valid
3/21/2008 15:11  


3/21/2008 15:11  Device: bay-49x-msgr-1
3/21/2008 15:11  Device Name: bay-49x-msgr-1.ntwk.msn.net
3/21/2008 15:11  Current registry: 0x2102
Next registry: 0x2102
BootImage: flash bootflash:cat4000-i5k91s-mz.122-25.EWA7.bin

Contents of flash:
3/21/2008 15:11  bootflash:cat4000-i5k91s-mz.122-25.EWA2.bin	13016716	Image	0xC7ECB8E5	Valid
3/21/2008 15:11  bootflash:cat4000-i5k91s-mz.122-25.EWA7.bin	13053148	Image	0xA1B70B67	Valid
3/21/2008 15:11  cat4000_flash:vlan.dat	1456	Unknown	0x0	Valid
3/21/2008 15:11  


3/21/2008 15:11  Device: bay-49x-msgr-10
3/21/2008 15:11  Device Name: bay-49x-msgr-10.ntwk.msn.net
3/21/2008 15:11  Current registry: 0x2102
Next registry: 0x2102
BootImage: flash bootflash:cat4000-i5k91s-mz.122-25.EWA7.bin

Contents of flash:
3/21/2008 15:11  bootflash:cat4000-i5k91s-mz.122-25.EWA2.bin	13016716	Image	0xC7ECB8E5	Valid
3/21/2008 15:11  bootflash:cat4000-i5k91s-mz.122-25.EWA7.bin	13053148	Image	0xA1B70B67	Valid
3/21/2008 15:11  cat4000_flash:vlan.dat	1456	Unknown	0x0	Valid
3/21/2008 15:11  


3/21/2008 15:11  Device: bay-49x-msgr-11
3/21/2008 15:11  Device Name: bay-49x-msgr-11.ntwk.msn.net
3/21/2008 15:11  Current registry: 0x2102
Next registry: 0x2102
BootImage: flash bootflash:cat4000-i5k91s-mz.122-25.EWA7.bin

Contents of flash:
3/21/2008 15:11  bootflash:cat4000-i5k91s-mz.122-25.EWA2.bin	13016716	Image	0xC7ECB8E5	Valid
3/21/2008 15:11  bootflash:cat4000-i5k91s-mz.122-25.EWA7.bin	13053148	Image	0xA1B70B67	Valid
3/21/2008 15:11  cat4000_flash:vlan.dat	1456	Unknown	0x0	Valid
3/21/2008 15:11  


3/21/2008 15:11  Device: bay-49x-msgr-12
3/21/2008 15:12  Device Name: bay-49x-msgr-12.ntwk.msn.net
3/21/2008 15:12  Current registry: 0x2102
Next registry: 0x2102
BootImage: flash bootflash:cat4000-i5k91s-mz.122-25.EWA7.bin

Contents of flash:
3/21/2008 15:12  bootflash:cat4000-i5k91s-mz.122-25.EWA2.bin	13016716	Image	0xC7ECB8E5	Valid
3/21/2008 15:12  bootflash:cat4000-i5k91s-mz.122-25.EWA7.bin	13053148	Image	0xA1B70B67	Valid
3/21/2008 15:12  cat4000_flash:vlan.dat	1456	Unknown	0x0	Valid
3/21/2008 15:12  


3/21/2008 15:12  Device: bay-49x-msgr-13
3/21/2008 15:12  Device Name: bay-49x-msgr-13.ntwk.msn.net
3/21/2008 15:12  Current registry: 0x2102
Next registry: 0x2102
BootImage: flash bootflash:cat4000-i5k91s-mz.122-25.EWA7.bin

Contents of flash:
3/21/2008 15:12  bootflash:cat4000-i5k91s-mz.122-25.EWA2.bin	13016716	Image	0xC7ECB8E5	Valid
3/21/2008 15:12  bootflash:cat4000-i5k91s-mz.122-25.EWA7.bin	13053148	Image	0xA1B70B67	Valid
3/21/2008 15:12  cat4000_flash:vlan.dat	1456	Unknown	0x0	Valid
3/21/2008 15:12  


3/21/2008 15:12  Device: bay-49x-msgr-14
3/21/2008 15:12  Device Name: bay-49x-msgr-14.ntwk.msn.net
3/21/2008 15:12  Current registry: 0x2102
Next registry: 0x2102
BootImage: flash bootflash:cat4000-i5k91s-mz.122-25.EWA7.bin

Contents of flash:
3/21/2008 15:12  bootflash:cat4000-i5k91s-mz.122-25.EWA2.bin	13016716	Image	0xC7ECB8E5	Valid
3/21/2008 15:12  bootflash:cat4000-i5k91s-mz.122-25.EWA7.bin	13053148	Image	0xA1B70B67	Valid
3/21/2008 15:12  cat4000_flash:vlan.dat	1516	Unknown	0x0	Valid
3/21/2008 15:12  


3/21/2008 15:12  Device: by2-49x-idss-2-05
3/21/2008 15:12  Device Name: by2-49x-idss-2-05.ntwk.msn.net
3/21/2008 15:12  Current registry: 0x2101
Next registry: 0x2102
BootImage: flash bootflash:cat4000-i5k91s-mz.122-25.EWA7.bin

Contents of flash:
3/21/2008 15:12  bootflash:cat4000-i5k91s-mz.122-25.EWA2.bin	13016716	Image	0xC7ECB8E5	Valid
3/21/2008 15:12  bootflash:cat4000-i5k91s-mz.122-25.EWA7.bin	13053148	Image	0xA1B70B67	Valid
3/21/2008 15:12  cat4000_flash:vlan.dat	1276	Unknown	0x0	Valid
3/21/2008 15:12  


3/21/2008 15:12  Device: by2-49x-3-18
3/21/2008 15:12  Device Name: by2-49x-3-18.ntwk.msn.net
3/21/2008 15:12  Current registry: 0x0101
Next registry: 0x2102
BootImage: flash bootflash:cat4000-i5k91s-mz.122-25.EWA7.bin

Contents of flash:
3/21/2008 15:12  bootflash:cat4000-i9s-mz.122-25.EWA6.bin	12531808	Image	0xB123FDC4	Deleted
3/21/2008 15:12  bootflash:cat4000-i5k91s-mz.122-25.EWA2.bin	13016716	Image	0xC7ECB8E5	Valid
3/21/2008 15:12  bootflash:cat4000-i5k91s-mz.122-25.EWA7.bin	13053148	Image	0xA1B70B67	Valid
3/21/2008 15:12  cat4000_flash:vlan.dat	1636	Unknown	0x0	Valid
3/21/2008 15:12  


3/21/2008 15:12  Device: by2-49x-3-19
3/21/2008 15:12  Device Name: by2-49x-3-19.ntwk.msn.net
3/21/2008 15:12  Current registry: 0x0101
Next registry: 0x2102
BootImage: flash bootflash:cat4000-i5k91s-mz.122-25.EWA7.bin

Contents of flash:
3/21/2008 15:12  bootflash:cat4000-i9s-mz.122-25.EWA6.bin	12531808	Image	0xB123FDC4	Deleted
3/21/2008 15:12  bootflash:test.cfg	3513	Unknown	0xFB34DCBC	Deleted
3/21/2008 15:12  bootflash:test.cfg	3513	Unknown	0xFB34DCBC	Deleted
3/21/2008 15:12  bootflash:test.cfg	3526	Unknown	0x34D9B38B	Deleted
3/21/2008 15:12  bootflash:cat4000-i5k91s-mz.122-25.EWA2.bin	13016716	Image	0xC7ECB8E5	Valid
3/21/2008 15:12  bootflash:cat4000-i5k91s-mz.122-25.EWA7.bin	13053148	Image	0xA1B70B67	Valid
3/21/2008 15:12  cat4000_flash:vlan.dat	1636	Unknown	0x0	Valid
3/21/2008 15:12  


3/21/2008 15:12  Device: cpk-49x-1-40
3/21/2008 15:12  Device Name: cpk-49x-1-40.ntwk.msn.net
3/21/2008 15:12  Current registry: 0x2101
Next registry: 0x2102
BootImage: flash bootflash:cat4000-i5k91s-mz.122-25.EWA7.bin

Contents of flash:
3/21/2008 15:12  bootflash:cat4000-i9k91s-mz.122-25.EWA4.bin	13024920	Image	0x849A6430	Deleted
3/21/2008 15:12  bootflash:cat4000-i5k91s-mz.122-25.EWA2.bin	13016716	Image	0xC7ECB8E5	Valid
3/21/2008 15:12  bootflash:cat4000-i5k91s-mz.122-25.EWA7.bin	13053148	Image	0xA1B70B67	Valid
3/21/2008 15:12  cat4000_flash:vlan.dat	10696	Unknown	0x0	Valid
3/21/2008 15:12  


3/21/2008 15:12  Device: cpk-49x-1-41
3/21/2008 15:12  Device Name: cpk-49x-1-41.ntwk.msn.net
3/21/2008 15:12  Current registry: 0x2101
Next registry: 0x2102
BootImage: flash bootflash:cat4000-i5k91s-mz.122-25.EWA7.bin

Contents of flash:
3/21/2008 15:12  bootflash:cat4000-i9k91s-mz.122-25.EWA4.bin	13024920	Image	0x849A6430	Deleted
3/21/2008 15:12  bootflash:cat4000-i5k91s-mz.122-25.EWA2.bin	13016716	Image	0xC7ECB8E5	Valid
3/21/2008 15:12  bootflash:cat4000-i5k91s-mz.122-25.EWA7.bin	13053148	Image	0xA1B70B67	Valid
3/21/2008 15:12  cat4000_flash:vlan.dat	10636	Unknown	0x0	Valid
3/21/2008 15:12  


3/21/2008 15:12  Device: cpk-49x-1-42
3/21/2008 15:12  Device Name: cpk-49x-1-42.ntwk.msn.net
3/21/2008 15:12  Current registry: 0x2101
Next registry: 0x2102
BootImage: flash bootflash:cat4000-i5k91s-mz.122-25.EWA7.bin

Contents of flash:
3/21/2008 15:12  bootflash:cat4000-i9k91s-mz.122-25.EWA4.bin	13024920	Image	0x849A6430	Deleted
3/21/2008 15:12  bootflash:cat4000-i5k91s-mz.122-25.EWA2.bin	13016716	Image	0xC7ECB8E5	Valid
3/21/2008 15:12  bootflash:cat4000-i5k91s-mz.122-25.EWA7.bin	13053148	Image	0xA1B70B67	Valid
3/21/2008 15:12  cat4000_flash:vlan.dat	10636	Unknown	0x0	Valid
3/21/2008 15:12  


3/21/2008 15:12  Device: cpk-49x-1-43
3/21/2008 15:12  Device Name: cpk-49x-1-43.ntwk.msn.net
3/21/2008 15:12  Current registry: 0x2101
Next registry: 0x2102
BootImage: flash bootflash:cat4000-i5k91s-mz.122-25.EWA7.bin

Contents of flash:
3/21/2008 15:12  bootflash:cat4000-i9k91s-mz.122-25.EWA4.bin	13024920	Image	0x849A6430	Deleted
3/21/2008 15:12  bootflash:cat4000-i5k91s-mz.122-25.EWA2.bin	13016716	Image	0xC7ECB8E5	Valid
3/21/2008 15:12  bootflash:cat4000-i5k91s-mz.122-25.EWA7.bin	13053148	Image	0xA1B70B67	Valid
3/21/2008 15:12  cat4000_flash:vlan.dat	10636	Unknown	0x0	Valid
3/21/2008 15:12  


3/21/2008 15:12  Device: cpk-49x-1-44
3/21/2008 15:12  Device Name: cpk-49x-1-44.ntwk.msn.net
3/21/2008 15:12  Current registry: 0x2101
Next registry: 0x2102
BootImage: flash bootflash:cat4000-i5k91s-mz.122-25.EWA7.bin

Contents of flash:
3/21/2008 15:12  bootflash:cat4000-i9k91s-mz.122-25.EWA4.bin	13024920	Image	0x849A6430	Deleted
3/21/2008 15:12  bootflash:cat4000-i5k91s-mz.122-25.EWA2.bin	13016716	Image	0xC7ECB8E5	Valid
3/21/2008 15:12  bootflash:cat4000-i5k91s-mz.122-25.EWA7.bin	13053148	Image	0xA1B70B67	Valid
3/21/2008 15:12  cat4000_flash:vlan.dat	10636	Unknown	0x0	Valid
3/21/2008 15:12  


3/21/2008 15:12  Device: cpk-49x-1-45
3/21/2008 15:12  Device Name: cpk-49x-1-45.ntwk.msn.net
3/21/2008 15:12  Current registry: 0x2101
Next registry: 0x2102
BootImage: flash bootflash:cat4000-i5k91s-mz.122-25.EWA7.bin

Contents of flash:
3/21/2008 15:12  bootflash:cat4000-i9k91s-mz.122-25.EWA4.bin	13024920	Image	0x849A6430	Deleted
3/21/2008 15:12  bootflash:cat4000-i5k91s-mz.122-25.EWA2.bin	13016716	Image	0xC7ECB8E5	Valid
3/21/2008 15:12  bootflash:cat4000-i5k91s-mz.122-25.EWA7.bin	13053148	Image	0xA1B70B67	Valid
3/21/2008 15:12  cat4000_flash:vlan.dat	10636	Unknown	0x0	Valid
3/21/2008 15:12  


3/21/2008 15:12  Device: cpk-49x-1-46
3/21/2008 15:12  Device Name: cpk-49x-1-46.ntwk.msn.net
3/21/2008 15:12  Current registry: 0x2101
Next registry: 0x2102
BootImage: flash bootflash:cat4000-i5k91s-mz.122-25.EWA7.bin

Contents of flash:
3/21/2008 15:12  bootflash:cat4000-i9k91s-mz.122-25.EWA4.bin	13024920	Image	0x849A6430	Deleted
3/21/2008 15:12  bootflash:cat4000-i5k91s-mz.122-25.EWA2.bin	13016716	Image	0xC7ECB8E5	Valid
3/21/2008 15:12  bootflash:cat4000-i5k91s-mz.122-25.EWA7.bin	13053148	Image	0xA1B70B67	Valid
3/21/2008 15:12  cat4000_flash:vlan.dat	10636	Unknown	0x0	Valid
3/21/2008 15:12  


3/21/2008 15:12  Device: cpk-49x-1-47
3/21/2008 15:12  Device Name: cpk-49x-1-47.ntwk.msn.net
3/21/2008 15:12  Current registry: 0x2101
Next registry: 0x2102
BootImage: flash bootflash:cat4000-i5k91s-mz.122-25.EWA7.bin

Contents of flash:
3/21/2008 15:12  bootflash:cat4000-i9k91s-mz.122-25.EWA4.bin	13024920	Image	0x849A6430	Deleted
3/21/2008 15:12  bootflash:cat4000-i5k91s-mz.122-25.EWA2.bin	13016716	Image	0xC7ECB8E5	Valid
3/21/2008 15:12  bootflash:cat4000-i5k91s-mz.122-25.EWA7.bin	13053148	Image	0xA1B70B67	Valid
3/21/2008 15:12  cat4000_flash:vlan.dat	10636	Unknown	0x0	Valid
3/21/2008 15:12  


3/21/2008 15:12  Device: cpk-49x-1-48
3/21/2008 15:12  Device Name: cpk-49x-1-48.ntwk.msn.net
3/21/2008 15:12  Current registry: 0x2101
Next registry: 0x2102
BootImage: flash bootflash:cat4000-i5k91s-mz.122-25.EWA7.bin

Contents of flash:
3/21/2008 15:12  bootflash:cat4000-i9k91s-mz.122-25.EWA4.bin	13024920	Image	0x849A6430	Deleted
3/21/2008 15:12  bootflash:cat4000-i5k91s-mz.122-25.EWA2.bin	13016716	Image	0xC7ECB8E5	Valid
3/21/2008 15:12  bootflash:cat4000-i5k91s-mz.122-25.EWA7.bin	13053148	Image	0xA1B70B67	Valid
3/21/2008 15:12  cat4000_flash:vlan.dat	10636	Unknown	0x0	Valid
3/21/2008 15:12  


3/21/2008 15:12  Device: cpk-49x-1-49
3/21/2008 15:12  Device Name: cpk-49x-1-49.ntwk.msn.net
3/21/2008 15:12  Current registry: 0x2101
Next registry: 0x2102
BootImage: flash bootflash:cat4000-i5k91s-mz.122-25.EWA7.bin

Contents of flash:
3/21/2008 15:12  bootflash:cat4000-i9k91s-mz.122-25.EWA4.bin	13024920	Image	0x849A6430	Deleted
3/21/2008 15:12  bootflash:cat4000-i5k91s-mz.122-25.EWA2.bin	13016716	Image	0xC7ECB8E5	Valid
3/21/2008 15:12  bootflash:cat4000-i5k91s-mz.122-25.EWA7.bin	13053148	Image	0xA1B70B67	Valid
3/21/2008 15:12  cat4000_flash:vlan.dat	10636	Unknown	0x0	Valid
3/21/2008 15:12  


3/21/2008 15:12  Device: blu-49b-str-1-17
3/21/2008 15:12  Device Name: blu-49b-str-1-17.ntwk.msn.net
3/21/2008 15:12  Current registry: 0x2101
Next registry: 0x2102
BootImage: flash bootflash:cat4000-i5k91s-mz.122-25.EWA7.bin

Contents of flash:
3/21/2008 15:12  bootflash:cat4000-i9s-mz.122-25.EWA6.bin	12531808	Image	0xB123FDC4	Deleted
3/21/2008 15:12  bootflash:cat4000-i5k91s-mz.122-25.EWA2.bin	13016716	Image	0xC7ECB8E5	Valid
3/21/2008 15:12  bootflash:cat4000-i5k91s-mz.122-25.EWA7.bin	13053148	Image	0xA1B70B67	Valid
3/21/2008 15:12  cat4000_flash:vlan.dat	976	Unknown	0x0	Valid
3/21/2008 15:12  


3/21/2008 15:12  Device: blu-49b-str-1-18
3/21/2008 15:12  Device Name: blu-49b-str-1-18.ntwk.msn.net
3/21/2008 15:12  Current registry: 0x2101
Next registry: 0x2102
BootImage: flash bootflash:cat4000-i5k91s-mz.122-25.EWA7.bin

Contents of flash:
3/21/2008 15:12  bootflash:cat4000-i5k91s-mz.122-25.EWA2.bin	13016716	Image	0xC7ECB8E5	Valid
3/21/2008 15:12  bootflash:cat4000-i5k91s-mz.122-25.EWA7.bin	13053148	Image	0xA1B70B67	Valid
3/21/2008 15:12  cat4000_flash:vlan.dat	736	Unknown	0x0	Valid
3/21/2008 15:12  


3/21/2008 15:12  Device: blu-49b-blue-2-29
3/21/2008 15:12  Device Name: blu-49b-blue-2-29.ntwk.msn.net
3/21/2008 15:12  Current registry: 0x2101
Next registry: 0x2101
BootImage: flash bootflash:cat4000-i5k91s-mz.122-25.EWA7.bin

Contents of flash:
3/21/2008 15:12  bootflash:cat4000-i9s-mz.122-25.EWA6.bin	12531808	Image	0xB123FDC4	Deleted
3/21/2008 15:12  bootflash:cat4000-i5k91s-mz.122-25.EWA2.bin	13016716	Image	0xC7ECB8E5	Deleted
3/21/2008 15:12  bootflash:cat4000-i5k91s-mz.122-25.EWA2.bin	13016716	Image	0xC7ECB8E5	Valid
3/21/2008 15:12  bootflash:cat4000-i5k91s-mz.122-25.EWA7.bin	13053148	Image	0xA1B70B67	Valid
3/21/2008 15:12  cat4000_flash:vlan.dat	916	Unknown	0x0	Valid
3/21/2008 15:12  


3/21/2008 15:12  Device: cpk-49x-1-12
3/21/2008 15:12  Device Name: cpk-49x-1-12.ntwk.msn.net
3/21/2008 15:12  Current registry: 0x2102
Next registry: 0x2102
BootImage: flash bootflash:cat4000-i5k91s-mz.122-25.EWA7.bin

Contents of flash:
3/21/2008 15:12  bootflash:cat4000-i9k91s-mz.122-25.EWA4.bin	13024920	Image	0x849A6430	Deleted
3/21/2008 15:12  bootflash:cat4000-i5k91s-mz.122-25.EWA2.bin	13016716	Image	0xC7ECB8E5	Valid
3/21/2008 15:12  bootflash:cat4000-i5k91s-mz.122-25.EWA7.bin	13053148	Image	0xA1B70B67	Valid
3/21/2008 15:12  cat4000_flash:vlan.dat	10696	Unknown	0x0	Valid
3/21/2008 15:12  


3/21/2008 15:12  Device: bl2-49b-hot-114-09
3/21/2008 15:12  Device Name: bl2-49b-hot-114-09.ntwk.msn.net
3/21/2008 15:12  Current registry: 0x0101
Next registry: 0x2102
BootImage: flash bootflash:cat4000-i5k91s-mz.122-25.EWA7.bin

Contents of flash:
3/21/2008 15:12  bootflash:cat4000-i5k91s-mz.122-25.EWA2.bin	13016716	Image	0xC7ECB8E5	Valid
3/21/2008 15:12  bootflash:cat4000-i5k91s-mz.122-25.EWA7.bin	13053148	Image	0xA1B70B67	Valid
3/21/2008 15:12  cat4000_flash:vlan.dat	916	Unknown	0x0	Valid
3/21/2008 15:12  


3/21/2008 15:12  Device: cpk-49x-1-9
3/21/2008 15:12  Device Name: cpk-49x-1-9.ntwk.msn.net
3/21/2008 15:12  Current registry: 0x2102
Next registry: 0x2102
BootImage: flash bootflash:cat4000-i5k91s-mz.122-25.EWA7.bin

Contents of flash:
3/21/2008 15:12  bootflash:cat4000-i9k91s-mz.122-25.EWA4.bin	13024920	Image	0x849A6430	Deleted
3/21/2008 15:12  bootflash:cat4000-i5k91s-mz.122-25.EWA2.bin	13016716	Image	0xC7ECB8E5	Valid
3/21/2008 15:12  bootflash:cat4000-i5k91s-mz.122-25.EWA7.bin	13053148	Image	0xA1B70B67	Valid
3/21/2008 15:12  cat4000_flash:vlan.dat	976	Unknown	0x0	Valid
3/21/2008 15:12  


3/21/2008 15:12  Device: cpk-49x-1-71
3/21/2008 15:12  Device Name: cpk-49x-1-71.ntwk.msn.net
3/21/2008 15:12  Current registry: 0x2101
Next registry: 0x2102
BootImage: flash bootflash:cat4000-i5k91s-mz.122-25.EWA7.bin

Contents of flash:
3/21/2008 15:12  bootflash:cat4000-i5k91s-mz.122-25.EWA7.bin	13053148	Image	0xA1B70B67	Valid
3/21/2008 15:12  cat4000_flash:vlan.dat	10756	Unknown	0x0	Valid
3/21/2008 15:12  


3/21/2008 15:12  Device: cpk-49x-1-74
3/21/2008 15:12  Device Name: cpk-49x-1-74.ntwk.msn.net
3/21/2008 15:12  Current registry: 0x2102
Next registry: 0x2102
BootImage: flash bootflash:cat4000-i5k91s-mz.122-25.EWA7.bin

Contents of flash:
3/21/2008 15:12  bootflash:cat4000-i9s-mz.122-25.EWA6.bin	12531808	Image	0xB123FDC4	Deleted
3/21/2008 15:12  bootflash:cat4000-i5k91s-mz.122-25.EWA2.bin	13016716	Image	0xC7ECB8E5	Valid
3/21/2008 15:12  bootflash:cat4000-i5k91s-mz.122-25.EWA7.bin	13052629	Image	0x24B10C4D	Valid
3/21/2008 15:12  cat4000_flash:vlan.dat	10756	Unknown	0x0	Valid
3/21/2008 15:12  


3/21/2008 15:12  Device: cpk-49x-1-76
3/21/2008 15:12  Device Name: cpk-49x-1-76.ntwk.msn.net
3/21/2008 15:12  Current registry: 0x2101
Next registry: 0x2102
BootImage: flash bootflash:cat4000-i5k91s-mz.122-25.EWA7.bin

Contents of flash:
3/21/2008 15:12  bootflash:cat4000-i9s-mz.122-25.EWA6.bin	12531808	Image	0xB123FDC4	Deleted
3/21/2008 15:12  bootflash:cat4000-i5k91s-mz.122-25.EWA2.bin	13016716	Image	0xC7ECB8E5	Valid
3/21/2008 15:12  bootflash:cat4000-i5k91s-mz.122-25.EWA7.bin	13052629	Image	0x24B10C4D	Valid
3/21/2008 15:12  cat4000_flash:vlan.dat	10636	Unknown	0x0	Valid
3/21/2008 15:12  


3/21/2008 15:12  Device: cpk-49x-1-77
3/21/2008 15:12  Device Name: cpk-49x-1-77.ntwk.msn.net
3/21/2008 15:12  Current registry: 0x2101
Next registry: 0x2102
BootImage: flash bootflash:cat4000-i5k91s-mz.122-25.EWA7.bin

Contents of flash:
3/21/2008 15:12  bootflash:cat4000-i9s-mz.122-25.EWA6.bin	12531808	Image	0xB123FDC4	Deleted
3/21/2008 15:12  bootflash:cat4000-i5k91s-mz.122-25.EWA2.bin	13016716	Image	0xC7ECB8E5	Valid
3/21/2008 15:12  bootflash:cat4000-i5k91s-mz.122-25.EWA7.bin	13052629	Image	0x24B10C4D	Valid
3/21/2008 15:12  cat4000_flash:vlan.dat	10636	Unknown	0x0	Valid
3/21/2008 15:12  


3/21/2008 15:12  Device: cpk-49x-1-78
3/21/2008 15:12  Device Name: cpk-49x-1-78.ntwk.msn.net
3/21/2008 15:12  Current registry: 0x2101
Next registry: 0x2102
BootImage: flash bootflash:cat4000-i5k91s-mz.122-25.EWA7.bin

Contents of flash:
3/21/2008 15:12  bootflash:cat4000-i9s-mz.122-25.EWA6.bin	12531808	Image	0xB123FDC4	Deleted
3/21/2008 15:12  bootflash:cat4000-i5k91s-mz.122-25.EWA2.bin	13016716	Image	0xC7ECB8E5	Valid
3/21/2008 15:12  bootflash:cat4000-i5k91s-mz.122-25.EWA7.bin	13052629	Image	0x24B10C4D	Valid
3/21/2008 15:12  cat4000_flash:vlan.dat	10636	Unknown	0x0	Valid
3/21/2008 15:12  


3/21/2008 15:12  Device: cpk-49x-1-8
3/21/2008 15:13  Device Name: cpk-49x-1-8.ntwk.msn.net
3/21/2008 15:13  Current registry: 0x2102
Next registry: 0x2102
BootImage: flash bootflash:cat4000-i5k91s-mz.122-25.EWA7.bin

Contents of flash:
3/21/2008 15:13  bootflash:cat4000-i9k91s-mz.122-25.EWA4.bin	13024920	Image	0x849A6430	Deleted
3/21/2008 15:13  bootflash:cat4000-i5k91s-mz.122-25.EWA2.bin	13016716	Image	0xC7ECB8E5	Valid
3/21/2008 15:13  bootflash:cat4000-i5k91s-mz.122-25.EWA7.bin	13053148	Image	0xA1B70B67	Valid
3/21/2008 15:13  cat4000_flash:vlan.dat	976	Unknown	0x0	Valid
3/21/2008 15:13  


3/21/2008 15:13  Device: bl2-49f-bulk-mcs-1a
3/21/2008 15:13  Device Name: bl2-49f-bulk-mcs-1a.ntwk.msn.net
3/21/2008 15:13  Current registry: 0x2102
Next registry: 0x2102
BootImage: bootflash:cat4000-i5k91s-mz.122-25.EWA7.bin

Contents of flash:
3/21/2008 15:13  bootflash:cat4000-i5k91s-mz.122-25.EWA2.bin	13016716	Image	0xC7ECB8E5	Valid
3/21/2008 15:13  bootflash:cat4000-i5k91s-mz.122-25.EWA7.bin	13053148	Image	0xA1B70B67	Valid
3/21/2008 15:13  cat4000_flash:vlan.dat	796	Unknown	0x0	Valid
3/21/2008 15:13  


3/21/2008 15:13  Device: bl2-49f-bulk-mcs-1b
3/21/2008 15:13  Device Name: bl2-49f-bulk-mcs-1b.ntwk.msn.net
3/21/2008 15:13  Current registry: 0x2102
Next registry: 0x2102
BootImage: flash bootflash:cat4000-i5k91s-mz.122-25.EWA7.bin

Contents of flash:
3/21/2008 15:13  bootflash:cat4000-i5k91s-mz.122-25.EWA2.bin	13016716	Image	0xC7ECB8E5	Valid
3/21/2008 15:13  bootflash:cat4000-i5k91s-mz.122-25.EWA7.bin	13053148	Image	0xA1B70B67	Valid
3/21/2008 15:13  cat4000_flash:vlan.dat	796	Unknown	0x0	Valid
3/21/2008 15:13  


3/21/2008 15:13  Device: bl2-49x-cps-1-03
3/21/2008 15:13  Device Name: bl2-49x-cps-1-03.ntwk.msn.net
3/21/2008 15:13  Current registry: 0x2101
Next registry: 0x2102
BootImage: flash bootflash:cat4000-i5k91s-mz.122-25.EWA7.bin

Contents of flash:
3/21/2008 15:13  bootflash:cat4000-i9s-mz.122-25.EWA6.bin	12531808	Image	0xB123FDC4	Deleted
3/21/2008 15:13  bootflash:cat4000-i5k91s-mz.122-25.EWA2.bin	13016716	Image	0xC7ECB8E5	Valid
3/21/2008 15:13  bootflash:cat4000-i5k91s-mz.122-25.EWA7.bin	13053148	Image	0xA1B70B67	Valid
3/21/2008 15:13  cat4000_flash:vlan.dat	1096	Unknown	0x0	Valid
3/21/2008 15:13  


3/21/2008 15:13  Device: blu-49x-4-07
3/21/2008 15:13  Device Name: blu-49x-4-07.ntwk.msn.net
3/21/2008 15:13  Current registry: 0x2101
Next registry: 0x2102
BootImage: flash bootflash:cat4000-i5k91s-mz.122-25.EWA7.bin;flash bootflash:cat4000-i9k91s-mz.122-25.EWA6.bin

Contents of flash:
3/21/2008 15:13  bootflash:cat4000-i9k91s-mz.122-25.EWA6.bin	13046952	Image	0xA8EB63C9	Valid
3/21/2008 15:13  bootflash:cat4000-i5k91s-mz.122-25.EWA7.bin	13053148	Image	0xA1B70B67	Valid
3/21/2008 15:13  cat4000_flash:vlan.dat	1096	Unknown	0x0	Valid
3/21/2008 15:13  


3/21/2008 15:13  Done
3/21/2008 15:13  
Stopped processing at 3/21/2008 15:13
3/21/2008 15:13  elapse time 524 seconds; 8.73333333333333 minutes; 0.145555555555556 hours.
3/21/2008 15:13  exiting with exit code 0
